1712945022523	geckodriver	INFO	Listening on 127.0.0.1:61841
1712945025564	mozrunner::runner	INFO	Running command: "C:\\Program Files\\Mozilla Firefox\\firefox.exe" "--marionette" "--remote-debugging-port" "61842" "--remote-allow-hosts" "localhost" "-no-remote" "-profile" "C:\\Users\\swaru\\AppData\\Local\\Temp\\rust_mozprofileHbmrM8"
console.warn: services.settings: Ignoring preference override of remote settings server
console.warn: services.settings: Allow by setting MOZ_REMOTE_SETTINGS_DEVTOOLS=1 in the environment
1712945026040	Marionette	INFO	Marionette enabled
Dynamically enable window occlusion 0
1712945026131	Marionette	INFO	Listening on port 61857
WebDriver BiDi listening on ws://127.0.0.1:61842
Read port: 61857
1712945026330	RemoteAgent	WARN	TLS certificate errors will be ignored for this session
DevTools listening on ws://127.0.0.1:61842/devtools/browser/564438b3-f86a-455c-9e26-3a377140b876
JavaScript error: resource:///actors/FormValidationChild.sys.mjs, line 178: TypeError: this._element is null
JavaScript error: https://media.ethicalads.io/media/client/v1.4.0/ethicalads.min.js, line 1: Error: No ad placements found.
console.warn: LoginRecipes: "Falling back to a synchronous message for: https://www.python.org."
1712945029522	Marionette	INFO	Stopped listening on port 61857
Dynamically enable window occlusion 1
1712945056647	geckodriver	INFO	Listening on 127.0.0.1:61929
1712945059671	mozrunner::runner	INFO	Running command: "C:\\Program Files\\Mozilla Firefox\\firefox.exe" "--marionette" "--remote-debugging-port" "61930" "--remote-allow-hosts" "localhost" "-no-remote" "-profile" "C:\\Users\\swaru\\AppData\\Local\\Temp\\rust_mozprofile2Ax9dR"
console.warn: services.settings: Ignoring preference override of remote settings server
console.warn: services.settings: Allow by setting MOZ_REMOTE_SETTINGS_DEVTOOLS=1 in the environment
1712945060038	Marionette	INFO	Marionette enabled
Dynamically enable window occlusion 0
1712945060120	Marionette	INFO	Listening on port 61940
WebDriver BiDi listening on ws://127.0.0.1:61930
Read port: 61940
1712945060285	RemoteAgent	WARN	TLS certificate errors will be ignored for this session
DevTools listening on ws://127.0.0.1:61930/devtools/browser/1ce20a9e-c353-4678-bf1d-e166a90e8ff2
JavaScript error: https://media.ethicalads.io/media/client/v1.4.0/ethicalads.min.js, line 1: Error: No ad placements found.
JavaScript error: resource:///actors/FormValidationChild.sys.mjs, line 178: TypeError: this._element is null
console.warn: LoginRecipes: "Falling back to a synchronous message for: https://www.python.org."
1712945062592	Marionette	INFO	Stopped listening on port 61940
Dynamically enable window occlusion 1
1712945246363	geckodriver	INFO	Listening on 127.0.0.1:62119
1712945249386	mozrunner::runner	INFO	Running command: "C:\\Program Files\\Mozilla Firefox\\firefox.exe" "--marionette" "--remote-debugging-port" "62120" "--remote-allow-hosts" "localhost" "-no-remote" "-profile" "C:\\Users\\swaru\\AppData\\Local\\Temp\\rust_mozprofile006Fi7"
console.warn: services.settings: Ignoring preference override of remote settings server
console.warn: services.settings: Allow by setting MOZ_REMOTE_SETTINGS_DEVTOOLS=1 in the environment
1712945249666	Marionette	INFO	Marionette enabled
Dynamically enable window occlusion 0
1712945249746	Marionette	INFO	Listening on port 62130
WebDriver BiDi listening on ws://127.0.0.1:62120
Read port: 62130
1712945249903	RemoteAgent	WARN	TLS certificate errors will be ignored for this session
DevTools listening on ws://127.0.0.1:62120/devtools/browser/622d5ae0-7b44-40dc-a0cd-dc3f8dfca2a4
JavaScript warning: https://www.google.com/xjs/_/js/k=xjs.hd.en.uoLM3LrMRXI.O/am=AAAAAAAAAAAAAAAAAAAAAAAAAAAAAAAAAgAAAAAkgAIAAAoAACAAAAAAgMAQACAAIACLAEgERCAIABgAQBCAhzIBgIAJAAAACAAIAQgCAIAAAABAAQAAAAAAAAAAgAECBAAAAAAAAAAAAAA6AAAIAIBggBAAgAAAAADkAQgOwCAFAQAAAAAAAAAAAAACmCCYCxIQEAABAAAAAAAAAAAAAJBKJxaG/d=1/ed=1/dg=2/rs=ACT90oHOXV-noRVwBQmZTdpIB8Pc60xIPA/ee=ALeJib:B8gLwd;AfeaP:TkrAjf;Afksuc:wMx0R;BMxAGc:E5bFse;BgS6mb:fidj5d;BjwMce:cXX2Wb;CxXAWb:YyRLvc;DM55c:imLrKe;DULqB:RKfG5c;Dkk6ge:wJqrrd;DpcR3d:zL72xf;EABSZ:MXZt9d;ESrPQc:mNTJvc;EVNhjf:pw70Gc;EmZ2Bf:zr1jrb;EnlcNd:WeHg4;Erl4fe:FloWmf,FloWmf;F9mqte:UoRcbe;Fmv9Nc:O1Tzwc;G0KhTb:LIaoZ;G6wU6e:hezEbd;GleZL:J1A7Od;HMDDWe:G8QUdb;HqeXPd:cmbnH;IBADCc:RYquRb;IoGlCf:b5lhvb;IsdWVc:qzxzOb;JXS8fb:Qj0suc;JbMT3:M25sS;JsbNhc:Xd8iUd;KOxcK:OZqGte;KQzWid:ZMKkN;KcokUb:KiuZBf;KeeMUb:HiPxjc;KpRAue:Tia57b;LBgRLc:XVMNvd;LEikZe:byfTOb,lsjVmc;LsNahb:ucGLNb;Me32dd:MEeYgc;NPKaK:PVlQOd;NSEoX:lazG7b;Np8Qkd:Dpx6qc;Nyt6ic:jn2sGd;OgagBe:cNTe0;Oj465e:KG2eXe,KG2eXe;OohIYe:mpEAQb;Pjplud:EEDORb,PoEs9b;Q1Ow7b:x5CSu;Q6C5kf:pfdZCe;QGR0gd:Mlhmy;R2kc8b:ALJqWb;R4IIIb:QWfeKf;R9Ulx:CR7Ufe;RDNBlf:zPRCJb;SLtqO:Kh1xYe;SMDL4c:fTfGO,fTfGO;SNUn3:ZwDk9d,x8cHvb;ShpF6e:N0pvGc;TxfV6d:YORN0b;U96pRd:FsR04;UDrY1c:eps46d;UVmjEd:EesRsb;UyG7Kb:wQd0G;V2HTTe:RolTY;VGRfx:VFqbr;VN6jIc:ddQyuf;VOcgDe:YquhTb;VsAqSb:PGf2Re;VxQ32b:k0XsBb;WCEKNd:I46Hvd;WDGyFe:jcVOxd;Wfmdue:g3MJlb;XUezZ:sa7lqb;YV5bee:IvPZ6d;YkQtAf:rx8ur;ZMvdv:PHFPjb;ZWEUA:afR4Cf;a56pNe:JEfCwb;aAJE9c:WHW6Ef;aZ61od:arTwJ;bDXwRe:UsyOtc;bFZ6gf:RsDQqe;bcPXSc:gSZLJb;cEt90b:ws9Tlc;cFTWae:gT8qnd;coJ8e:KvoW8;dIoSBb:ZgGg9b;dLlj2:Qqt3Gf;daB6be:lMxGPd;dtl0hd:lLQWFe;eBAeSb:Ck63tb;eBZ5Nd:VruDBd;eHDfl:ofjVkb;eO3lse:nFClrf;fWLTFc:TVBJbf;g8nkx:U4MzKc;gaub4:TN6bMe;gtVSi:ekUOYd;h3MYod:cEt90b;hK67qb:QWEO5b;heHB1:sFczq;hjRo6e:F62sG;hsLsYc:Vl118;iFQyKf:QIhFr,vfuNJf;imqimf:jKGL2e;io8t5d:sgY6Zb;jY0zg:Q6tNgc;k2Qxcb:XY51pe;kCQyJ:ueyPK;kMFpHd:OTA3Ae;kbAm9d:MkHyGd;lkq0A:JyBE3e;nAFL3:NTMZac,s39S4;oGtAuc:sOXFj;oSUNyd:fTfGO,fTfGO;oUlnpc:RagDlc;okUaUd:wItadb;p2tIDb:tp1Cx;pKJiXd:VCenhc;pNsl2d:j9Yuyc;pXdRYb:JKoKVe;pj82le:mg5CW;qZx2Fc:j0xrE;qaS3gd:yiLg6e;qavrXe:zQzcXe;qddgKe:d7YSfd,x4FYXe;rQSrae:C6D5Fc;sP4Vbe:VwDzFe;sTsDMc:kHVSUb;tH4IIe:Ymry6;tosKvd:ZCqP3;trZL0b:qY8PFe;uY49fb:COQbmf;uuQkY:u2V3ud;vGrMZ:lPJJ0c;vfVwPd:lcrkwe;w3bZCb:ZPGaIb;w4rSdf:XKiZ9;w9w86d:dt4g2b;wQlYve:aLUfP;wR5FRb:TtcOte;wV5Pjc:L8KGxe;whEZac:F4AmNb;xBbsrc:NEW1Qc;yGxLoc:FmAr0c;yxTchf:KUM7Z;z97YGf:oug9te;zOsCQe:Ko78Df;zaIgPb:Qtpxbd/m=cdos,hsm,jsa,mb4ZUb,d,csi,cEt90b,SNUn3,qddgKe,sTsDMc,dtl0hd,eHDfl, line 433: Script terminated by timeout at:
wwa@https://www.google.com/xjs/_/js/k=xjs.hd.en.uoLM3LrMRXI.O/am=AAAAAAAAAAAAAAAAAAAAAAAAAAAAAAAAAgAAAAAkgAIAAAoAACAAAAAAgMAQACAAIACLAEgERCAIABgAQBCAhzIBgIAJAAAACAAIAQgCAIAAAABAAQAAAAAAAAAAgAECBAAAAAAAAAAAAAA6AAAIAIBggBAAgAAAAADkAQgOwCAFAQAAAAAAAAAAAAACmCCYCxIQEAABAAAAAAAAAAAAAJBKJxaG/d=1/ed=1/dg=2/rs=ACT90oHOXV-noRVwBQmZTdpIB8Pc60xIPA/ee=ALeJib:B8gLwd;AfeaP:TkrAjf;Afksuc:wMx0R;BMxAGc:E5bFse;BgS6mb:fidj5d;BjwMce:cXX2Wb;CxXAWb:YyRLvc;DM55c:imLrKe;DULqB:RKfG5c;Dkk6ge:wJqrrd;DpcR3d:zL72xf;EABSZ:MXZt9d;ESrPQc:mNTJvc;EVNhjf:pw70Gc;EmZ2Bf:zr1jrb;EnlcNd:WeHg4;Erl4fe:FloWmf,FloWmf;F9mqte:UoRcbe;Fmv9Nc:O1Tzwc;G0KhTb:LIaoZ;G6wU6e:hezEbd;GleZL:J1A7Od;HMDDWe:G8QUdb;HqeXPd:cmbnH;IBADCc:RYquRb;IoGlCf:b5lhvb;IsdWVc:qzxzOb;JXS8fb:Qj0suc;JbMT3:M25sS;JsbNhc:Xd8iUd;KOxcK:OZqGte;KQzWid:ZMKkN;KcokUb:KiuZBf;KeeMUb:HiPxjc;KpRAue:Tia57b;LBgRLc:XVMNvd;LEikZe:byfTOb,lsjVmc;LsNahb:ucGLNb;Me32dd:MEeYgc;NPKaK:PVlQOd;NSEoX:lazG7b;Np8Qkd:Dpx6qc;Nyt6ic:jn2sGd;OgagBe:cNTe0;Oj465e:KG2eXe,KG2eXe;OohIYe:mpEAQb;Pjplud:EEDORb,PoEs9b;Q1Ow7b:x5CSu;Q6C5kf:pfdZCe;QGR0gd:Mlhmy;R2kc8b:ALJqWb;R4IIIb:QWfeKf;R9Ulx:CR7Ufe;RDNBlf:zPRCJb;SLtqO:Kh1xYe;SMDL4c:fTfGO,fTfGO;SNUn3:ZwDk9d,x8cHvb;ShpF6e:N0pvGc;TxfV6d:YORN0b;U96pRd:FsR04;UDrY1c:eps46d;UVmjEd:EesRsb;UyG7Kb:wQd0G;V2HTTe:RolTY;VGRfx:VFqbr;VN6jIc:ddQyuf;VOcgDe:YquhTb;VsAqSb:PGf2Re;VxQ32b:k0XsBb;WCEKNd:I46Hvd;WDGyFe:jcVOxd;Wfmdue:g3MJlb;XUezZ:sa7lqb;YV5bee:IvPZ6d;YkQtAf:rx8ur;ZMvdv:PHFPjb;ZWEUA:afR4Cf;a56pNe:JEfCwb;aAJE9c:WHW6Ef;aZ61od:arTwJ;bDXwRe:UsyOtc;bFZ6gf:RsDQqe;bcPXSc:gSZLJb;cEt90b:ws9Tlc;cFTWae:gT8qnd;coJ8e:KvoW8;dIoSBb:ZgGg9b;dLlj2:Qqt3Gf;daB6be:lMxGPd;dtl0hd:lLQWFe;eBAeSb:Ck63tb;eBZ5Nd:VruDBd;eHDfl:ofjVkb;eO3lse:nFClrf;fWLTFc:TVBJbf;g8nkx:U4MzKc;gaub4:TN6bMe;gtVSi:ekUOYd;h3MYod:cEt90b;hK67qb:QWEO5b;heHB1:sFczq;hjRo6e:F62sG;hsLsYc:Vl118;iFQyKf:QIhFr,vfuNJf;imqimf:jKGL2e;io8t5d:sgY6Zb;jY0zg:Q6tNgc;k2Qxcb:XY51pe;kCQyJ:ueyPK;kMFpHd:OTA3Ae;kbAm9d:MkHyGd;lkq0A:JyBE3e;nAFL3:NTMZac,s39S4;oGtAuc:sOXFj;oSUNyd:fTfGO,fTfGO;oUlnpc:RagDlc;okUaUd:wItadb;p2tIDb:tp1Cx;pKJiXd:VCenhc;pNsl2d:j9Yuyc;pXdRYb:JKoKVe;pj82le:mg5CW;qZx2Fc:j0xrE;qaS3gd:yiLg6e;qavrXe:zQzcXe;qddgKe:d7YSfd,x4FYXe;rQSrae:C6D5Fc;sP4Vbe:VwDzFe;sTsDMc:kHVSUb;tH4IIe:Ymry6;tosKvd:ZCqP3;trZL0b:qY8PFe;uY49fb:COQbmf;uuQkY:u2V3ud;vGrMZ:lPJJ0c;vfVwPd:lcrkwe;w3bZCb:ZPGaIb;w4rSdf:XKiZ9;w9w86d:dt4g2b;wQlYve:aLUfP;wR5FRb:TtcOte;wV5Pjc:L8KGxe;whEZac:F4AmNb;xBbsrc:NEW1Qc;yGxLoc:FmAr0c;yxTchf:KUM7Z;z97YGf:oug9te;zOsCQe:Ko78Df;zaIgPb:Qtpxbd/m=cdos,hsm,jsa,mb4ZUb,d,csi,cEt90b,SNUn3,qddgKe,sTsDMc,dtl0hd,eHDfl:433:238
twa@https://www.google.com/xjs/_/js/k=xjs.hd.en.uoLM3LrMRXI.O/am=AAAAAAAAAAAAAAAAAAAAAAAAAAAAAAAAAgAAAAAkgAIAAAoAACAAAAAAgMAQACAAIACLAEgERCAIABgAQBCAhzIBgIAJAAAACAAIAQgCAIAAAABAAQAAAAAAAAAAgAECBAAAAAAAAAAAAAA6AAAIAIBggBAAgAAAAADkAQgOwCAFAQAAAAAAAAAAAAACmCCYCxIQEAABAAAAAAAAAAAAAJBKJxaG/d=1/ed=1/dg=2/rs=ACT90oHOXV-noRVwBQmZTdpIB8Pc60xIPA/ee=ALeJib:B8gLwd;AfeaP:TkrAjf;Afksuc:wMx0R;BMxAGc:E5bFse;BgS6mb:fidj5d;BjwMce:cXX2Wb;CxXAWb:YyRLvc;DM55c:imLrKe;DULqB:RKfG5c;Dkk6ge:wJqrrd;DpcR3d:zL72xf;EABSZ:MXZt9d;ESrPQc:mNTJvc;EVNhjf:pw70Gc;EmZ2Bf:zr1jrb;EnlcNd:WeHg4;Erl4fe:FloWmf,FloWmf;F9mqte:UoRcbe;Fmv9Nc:O1Tzwc;G0KhTb:LIaoZ;G6wU6e:hezEbd;GleZL:J1A7Od;HMDDWe:G8QUdb;HqeXPd:cmbnH;IBADCc:RYquRb;IoGlCf:b5lhvb;IsdWVc:qzxzOb;JXS8fb:Qj0suc;JbMT3:M25sS;JsbNhc:Xd8iUd;KOxcK:OZqGte;KQzWid:ZMKkN;KcokUb:KiuZBf;KeeMUb:HiPxjc;KpRAue:Tia57b;LBgRLc:XVMNvd;LEikZe:byfTOb,lsjVmc;LsNahb:ucGLNb;Me32dd:MEeYgc;NPKaK:PVlQOd;NSEoX:lazG7b;Np8Qkd:Dpx6qc;Nyt6ic:jn2sGd;OgagBe:cNTe0;Oj465e:KG2eXe,KG2eXe;OohIYe:mpEAQb;Pjplud:EEDORb,PoEs9b;Q1Ow7b:x5CSu;Q6C5kf:pfdZCe;QGR0gd:Mlhmy;R2kc8b:ALJqWb;R4IIIb:QWfeKf;R9Ulx:CR7Ufe;RDNBlf:zPRCJb;SLtqO:Kh1xYe;SMDL4c:fTfGO,fTfGO;SNUn3:ZwDk9d,x8cHvb;ShpF6e:N0pvGc;TxfV6d:YORN0b;U96pRd:FsR04;UDrY1c:eps46d;UVmjEd:EesRsb;UyG7Kb:wQd0G;V2HTTe:RolTY;VGRfx:VFqbr;VN6jIc:ddQyuf;VOcgDe:YquhTb;VsAqSb:PGf2Re;VxQ32b:k0XsBb;WCEKNd:I46Hvd;WDGyFe:jcVOxd;Wfmdue:g3MJlb;XUezZ:sa7lqb;YV5bee:IvPZ6d;YkQtAf:rx8ur;ZMvdv:PHFPjb;ZWEUA:afR4Cf;a56pNe:JEfCwb;aAJE9c:WHW6Ef;aZ61od:arTwJ;bDXwRe:UsyOtc;bFZ6gf:RsDQqe;bcPXSc:gSZLJb;cEt90b:ws9Tlc;cFTWae:gT8qnd;coJ8e:KvoW8;dIoSBb:ZgGg9b;dLlj2:Qqt3Gf;daB6be:lMxGPd;dtl0hd:lLQWFe;eBAeSb:Ck63tb;eBZ5Nd:VruDBd;eHDfl:ofjVkb;eO3lse:nFClrf;fWLTFc:TVBJbf;g8nkx:U4MzKc;gaub4:TN6bMe;gtVSi:ekUOYd;h3MYod:cEt90b;hK67qb:QWEO5b;heHB1:sFczq;hjRo6e:F62sG;hsLsYc:Vl118;iFQyKf:QIhFr,vfuNJf;imqimf:jKGL2e;io8t5d:sgY6Zb;jY0zg:Q6tNgc;k2Qxcb:XY51pe;kCQyJ:ueyPK;kMFpHd:OTA3Ae;kbAm9d:MkHyGd;lkq0A:JyBE3e;nAFL3:NTMZac,s39S4;oGtAuc:sOXFj;oSUNyd:fTfGO,fTfGO;oUlnpc:RagDlc;okUaUd:wItadb;p2tIDb:tp1Cx;pKJiXd:VCenhc;pNsl2d:j9Yuyc;pXdRYb:JKoKVe;pj82le:mg5CW;qZx2Fc:j0xrE;qaS3gd:yiLg6e;qavrXe:zQzcXe;qddgKe:d7YSfd,x4FYXe;rQSrae:C6D5Fc;sP4Vbe:VwDzFe;sTsDMc:kHVSUb;tH4IIe:Ymry6;tosKvd:ZCqP3;trZL0b:qY8PFe;uY49fb:COQbmf;uuQkY:u2V3ud;vGrMZ:lPJJ0c;vfVwPd:lcrkwe;w3bZCb:ZPGaIb;w4rSdf:XKiZ9;w9w86d:dt4g2b;wQlYve:aLUfP;wR5FRb:TtcOte;wV5Pjc:L8KGxe;whEZac:F4AmNb;xBbsrc:NEW1Qc;yGxLoc:FmAr0c;yxTchf:KUM7Z;z97YGf:oug9te;zOsCQe:Ko78Df;zaIgPb:Qtpxbd/m=cdos,hsm,jsa,mb4ZUb,d,csi,cEt90b,SNUn3,qddgKe,sTsDMc,dtl0hd,eHDfl:433:341
b@https://www.google.com/xjs/_/js/k=xjs.hd.en.uoLM3LrMRXI.O/am=AAAAAAAAAAAAAAAAAAAAAAAAAAAAAAAAAgAAAAAkgAIAAAoAACAAAAAAgMAQACAAIACLAEgERCAIABgAQBCAhzIBgIAJAAAACAAIAQgCAIAAAABAAQAAAAAAAAAAgAECBAAAAAAAAAAAAAA6AAAIAIBggBAAgAAAAADkAQgOwCAFAQAAAAAAAAAAAAACmCCYCxIQEAABAAAAAAAAAAAAAJBKJxaG/d=1/ed=1/dg=2/rs=ACT90oHOXV-noRVwBQmZTdpIB8Pc60xIPA/ee=ALeJib:B8gLwd;AfeaP:TkrAjf;Afksuc:wMx0R;BMxAGc:E5bFse;BgS6mb:fidj5d;BjwMce:cXX2Wb;CxXAWb:YyRLvc;DM55c:imLrKe;DULqB:RKfG5c;Dkk6ge:wJqrrd;DpcR3d:zL72xf;EABSZ:MXZt9d;ESrPQc:mNTJvc;EVNhjf:pw70Gc;EmZ2Bf:zr1jrb;EnlcNd:WeHg4;Erl4fe:FloWmf,FloWmf;F9mqte:UoRcbe;Fmv9Nc:O1Tzwc;G0KhTb:LIaoZ;G6wU6e:hezEbd;GleZL:J1A7Od;HMDDWe:G8QUdb;HqeXPd:cmbnH;IBADCc:RYquRb;IoGlCf:b5lhvb;IsdWVc:qzxzOb;JXS8fb:Qj0suc;JbMT3:M25sS;JsbNhc:Xd8iUd;KOxcK:OZqGte;KQzWid:ZMKkN;KcokUb:KiuZBf;KeeMUb:HiPxjc;KpRAue:Tia57b;LBgRLc:XVMNvd;LEikZe:byfTOb,lsjVmc;LsNahb:ucGLNb;Me32dd:MEeYgc;NPKaK:PVlQOd;NSEoX:lazG7b;Np8Qkd:Dpx6qc;Nyt6ic:jn2sGd;OgagBe:cNTe0;Oj465e:KG2eXe,KG2eXe;OohIYe:mpEAQb;Pjplud:EEDORb,PoEs9b;Q1Ow7b:x5CSu;Q6C5kf:pfdZCe;QGR0gd:Mlhmy;R2kc8b:ALJqWb;R4IIIb:QWfeKf;R9Ulx:CR7Ufe;RDNBlf:zPRCJb;SLtqO:Kh1xYe;SMDL4c:fTfGO,fTfGO;SNUn3:ZwDk9d,x8cHvb;ShpF6e:N0pvGc;TxfV6d:YORN0b;U96pRd:FsR04;UDrY1c:eps46d;UVmjEd:EesRsb;UyG7Kb:wQd0G;V2HTTe:RolTY;VGRfx:VFqbr;VN6jIc:ddQyuf;VOcgDe:YquhTb;VsAqSb:PGf2Re;VxQ32b:k0XsBb;WCEKNd:I46Hvd;WDGyFe:jcVOxd;Wfmdue:g3MJlb;XUezZ:sa7lqb;YV5bee:IvPZ6d;YkQtAf:rx8ur;ZMvdv:PHFPjb;ZWEUA:afR4Cf;a56pNe:JEfCwb;aAJE9c:WHW6Ef;aZ61od:arTwJ;bDXwRe:UsyOtc;bFZ6gf:RsDQqe;bcPXSc:gSZLJb;cEt90b:ws9Tlc;cFTWae:gT8qnd;coJ8e:KvoW8;dIoSBb:ZgGg9b;dLlj2:Qqt3Gf;daB6be:lMxGPd;dtl0hd:lLQWFe;eBAeSb:Ck63tb;eBZ5Nd:VruDBd;eHDfl:ofjVkb;eO3lse:nFClrf;fWLTFc:TVBJbf;g8nkx:U4MzKc;gaub4:TN6bMe;gtVSi:ekUOYd;h3MYod:cEt90b;hK67qb:QWEO5b;heHB1:sFczq;hjRo6e:F62sG;hsLsYc:Vl118;iFQyKf:QIhFr,vfuNJf;imqimf:jKGL2e;io8t5d:sgY6Zb;jY0zg:Q6tNgc;k2Qxcb:XY51pe;kCQyJ:ueyPK;kMFpHd:OTA3Ae;kbAm9d:MkHyGd;lkq0A:JyBE3e;nAFL3:NTMZac,s39S4;oGtAuc:sOXFj;oSUNyd:fTfGO,fTfGO;oUlnpc:RagDlc;okUaUd:wItadb;p2tIDb:tp1Cx;pKJiXd:VCenhc;pNsl2d:j9Yuyc;pXdRYb:JKoKVe;pj82le:mg5CW;qZx2Fc:j0xrE;qaS3gd:yiLg6e;qavrXe:zQzcXe;qddgKe:d7YSfd,x4FYXe;rQSrae:C6D5Fc;sP4Vbe:VwDzFe;sTsDMc:kHVSUb;tH4IIe:Ymry6;tosKvd:ZCqP3;trZL0b:qY8PFe;uY49fb:COQbmf;uuQkY:u2V3ud;vGrMZ:lPJJ0c;vfVwPd:lcrkwe;w3bZCb:ZPGaIb;w4rSdf:XKiZ9;w9w86d:dt4g2b;wQlYve:aLUfP;wR5FRb:TtcOte;wV5Pjc:L8KGxe;whEZac:F4AmNb;xBbsrc:NEW1Qc;yGxLoc:FmAr0c;yxTchf:KUM7Z;z97YGf:oug9te;zOsCQe:Ko78Df;zaIgPb:Qtpxbd/m=cdos,hsm,jsa,mb4ZUb,d,csi,cEt90b,SNUn3,qddgKe,sTsDMc,dtl0hd,eHDfl:429:49

1712945258817	Marionette	INFO	Stopped listening on port 62130
Dynamically enable window occlusion 1
1712945263629	geckodriver	INFO	Listening on 127.0.0.1:62189
1712945266673	mozrunner::runner	INFO	Running command: "C:\\Program Files\\Mozilla Firefox\\firefox.exe" "--marionette" "--remote-debugging-port" "62190" "--remote-allow-hosts" "localhost" "-no-remote" "-profile" "C:\\Users\\swaru\\AppData\\Local\\Temp\\rust_mozprofileXDmdF1"
console.warn: services.settings: Ignoring preference override of remote settings server
console.warn: services.settings: Allow by setting MOZ_REMOTE_SETTINGS_DEVTOOLS=1 in the environment
1712945267063	Marionette	INFO	Marionette enabled
Dynamically enable window occlusion 0
1712945267143	Marionette	INFO	Listening on port 62201
WebDriver BiDi listening on ws://127.0.0.1:62190
Read port: 62201
1712945267292	RemoteAgent	WARN	TLS certificate errors will be ignored for this session
DevTools listening on ws://127.0.0.1:62190/devtools/browser/2b8c2b44-adc7-491a-9183-c7b7e906e025
JavaScript warning: https://www.google.com/xjs/_/js/k=xjs.hd.en.uoLM3LrMRXI.O/am=AAAAAAAAAAAAAAAAAAAAAAAAAAAAAAAAAgAAAAAkgAIAAAoAACAAAAAAgMAQACAAIADPA0gEBCAIABgAQBCAhzIBgIAJAAAACAAIAQgCAIAAAABAAQAAAAAAAAAAgAECBAAAAAAAAAAAAAA6AAAIAIBggBAAgAAAAADkAQgOwCAFAQAAAAAAAAAAAAACmCCYCxIQEAABAAAAAAAAAAAAAJBKJxaG/d=1/ed=1/dg=2/rs=ACT90oFFhvR0gFT4se0aT_Fnbh-vDLKkNg/ee=ALeJib:B8gLwd;AfeaP:TkrAjf;Afksuc:wMx0R;BMxAGc:E5bFse;BgS6mb:fidj5d;BjwMce:cXX2Wb;CxXAWb:YyRLvc;DM55c:imLrKe;DULqB:RKfG5c;Dkk6ge:wJqrrd;DpcR3d:zL72xf;EABSZ:MXZt9d;ESrPQc:mNTJvc;EVNhjf:pw70Gc;EmZ2Bf:zr1jrb;EnlcNd:WeHg4;Erl4fe:FloWmf,FloWmf;F9mqte:UoRcbe;Fmv9Nc:O1Tzwc;G0KhTb:LIaoZ;G6wU6e:hezEbd;GleZL:J1A7Od;HMDDWe:G8QUdb;HqeXPd:cmbnH;IBADCc:RYquRb;IoGlCf:b5lhvb;IsdWVc:qzxzOb;JXS8fb:Qj0suc;JbMT3:M25sS;JsbNhc:Xd8iUd;KOxcK:OZqGte;KQzWid:ZMKkN;KcokUb:KiuZBf;KeeMUb:HiPxjc;KpRAue:Tia57b;LBgRLc:XVMNvd;LEikZe:byfTOb,lsjVmc;LsNahb:ucGLNb;Me32dd:MEeYgc;NPKaK:PVlQOd;NSEoX:lazG7b;Np8Qkd:Dpx6qc;Nyt6ic:jn2sGd;OgagBe:cNTe0;Oj465e:KG2eXe,KG2eXe;OohIYe:mpEAQb;Pjplud:EEDORb,PoEs9b;Q1Ow7b:x5CSu;Q6C5kf:pfdZCe;QGR0gd:Mlhmy;R2kc8b:ALJqWb;R4IIIb:QWfeKf;R9Ulx:CR7Ufe;RDNBlf:zPRCJb;SLtqO:Kh1xYe;SMDL4c:fTfGO,fTfGO;SNUn3:ZwDk9d,x8cHvb;ShpF6e:N0pvGc;TxfV6d:YORN0b;U96pRd:FsR04;UDrY1c:eps46d;UVmjEd:EesRsb;UyG7Kb:wQd0G;V2HTTe:RolTY;VGRfx:VFqbr;VN6jIc:ddQyuf;VOcgDe:YquhTb;VsAqSb:PGf2Re;VxQ32b:k0XsBb;WCEKNd:I46Hvd;WDGyFe:jcVOxd;Wfmdue:g3MJlb;XUezZ:sa7lqb;YV5bee:IvPZ6d;YkQtAf:rx8ur;ZMvdv:PHFPjb;ZWEUA:afR4Cf;a56pNe:JEfCwb;aAJE9c:WHW6Ef;aZ61od:arTwJ;bDXwRe:UsyOtc;bFZ6gf:RsDQqe;bcPXSc:gSZLJb;cEt90b:ws9Tlc;cFTWae:gT8qnd;coJ8e:KvoW8;dIoSBb:ZgGg9b;dLlj2:Qqt3Gf;daB6be:lMxGPd;dtl0hd:lLQWFe;eBAeSb:Ck63tb;eBZ5Nd:VruDBd;eHDfl:ofjVkb;eO3lse:nFClrf;fWLTFc:TVBJbf;g8nkx:U4MzKc;gaub4:TN6bMe;gtVSi:ekUOYd;h3MYod:cEt90b;hK67qb:QWEO5b;heHB1:sFczq;hjRo6e:F62sG;hsLsYc:Vl118;iFQyKf:QIhFr,vfuNJf;imqimf:jKGL2e;io8t5d:sgY6Zb;jY0zg:Q6tNgc;k2Qxcb:XY51pe;kCQyJ:ueyPK;kMFpHd:OTA3Ae;kbAm9d:MkHyGd;lkq0A:JyBE3e;nAFL3:NTMZac,s39S4;oGtAuc:sOXFj;oSUNyd:fTfGO,fTfGO;oUlnpc:RagDlc;okUaUd:wItadb;p2tIDb:tp1Cx;pKJiXd:VCenhc;pNsl2d:j9Yuyc;pXdRYb:JKoKVe;pj82le:mg5CW;qZx2Fc:j0xrE;qaS3gd:yiLg6e;qavrXe:zQzcXe;qddgKe:d7YSfd,x4FYXe;rQSrae:C6D5Fc;sP4Vbe:VwDzFe;sTsDMc:kHVSUb;tH4IIe:Ymry6;tosKvd:ZCqP3;trZL0b:qY8PFe;uY49fb:COQbmf;uuQkY:u2V3ud;vGrMZ:lPJJ0c;vfVwPd:lcrkwe;w3bZCb:ZPGaIb;w4rSdf:XKiZ9;w9w86d:dt4g2b;wQlYve:aLUfP;wR5FRb:TtcOte;wV5Pjc:L8KGxe;whEZac:F4AmNb;xBbsrc:NEW1Qc;yGxLoc:FmAr0c;yxTchf:KUM7Z;z97YGf:oug9te;zOsCQe:Ko78Df;zaIgPb:Qtpxbd/m=cdos,hsm,jsa,mb4ZUb,d,csi,cEt90b,SNUn3,qddgKe,sTsDMc,dtl0hd,eHDfl, line 416: Script terminated by timeout at:
_.Rk@https://www.google.com/xjs/_/js/k=xjs.hd.en.uoLM3LrMRXI.O/am=AAAAAAAAAAAAAAAAAAAAAAAAAAAAAAAAAgAAAAAkgAIAAAoAACAAAAAAgMAQACAAIADPA0gEBCAIABgAQBCAhzIBgIAJAAAACAAIAQgCAIAAAABAAQAAAAAAAAAAgAECBAAAAAAAAAAAAAA6AAAIAIBggBAAgAAAAADkAQgOwCAFAQAAAAAAAAAAAAACmCCYCxIQEAABAAAAAAAAAAAAAJBKJxaG/d=1/ed=1/dg=2/rs=ACT90oFFhvR0gFT4se0aT_Fnbh-vDLKkNg/ee=ALeJib:B8gLwd;AfeaP:TkrAjf;Afksuc:wMx0R;BMxAGc:E5bFse;BgS6mb:fidj5d;BjwMce:cXX2Wb;CxXAWb:YyRLvc;DM55c:imLrKe;DULqB:RKfG5c;Dkk6ge:wJqrrd;DpcR3d:zL72xf;EABSZ:MXZt9d;ESrPQc:mNTJvc;EVNhjf:pw70Gc;EmZ2Bf:zr1jrb;EnlcNd:WeHg4;Erl4fe:FloWmf,FloWmf;F9mqte:UoRcbe;Fmv9Nc:O1Tzwc;G0KhTb:LIaoZ;G6wU6e:hezEbd;GleZL:J1A7Od;HMDDWe:G8QUdb;HqeXPd:cmbnH;IBADCc:RYquRb;IoGlCf:b5lhvb;IsdWVc:qzxzOb;JXS8fb:Qj0suc;JbMT3:M25sS;JsbNhc:Xd8iUd;KOxcK:OZqGte;KQzWid:ZMKkN;KcokUb:KiuZBf;KeeMUb:HiPxjc;KpRAue:Tia57b;LBgRLc:XVMNvd;LEikZe:byfTOb,lsjVmc;LsNahb:ucGLNb;Me32dd:MEeYgc;NPKaK:PVlQOd;NSEoX:lazG7b;Np8Qkd:Dpx6qc;Nyt6ic:jn2sGd;OgagBe:cNTe0;Oj465e:KG2eXe,KG2eXe;OohIYe:mpEAQb;Pjplud:EEDORb,PoEs9b;Q1Ow7b:x5CSu;Q6C5kf:pfdZCe;QGR0gd:Mlhmy;R2kc8b:ALJqWb;R4IIIb:QWfeKf;R9Ulx:CR7Ufe;RDNBlf:zPRCJb;SLtqO:Kh1xYe;SMDL4c:fTfGO,fTfGO;SNUn3:ZwDk9d,x8cHvb;ShpF6e:N0pvGc;TxfV6d:YORN0b;U96pRd:FsR04;UDrY1c:eps46d;UVmjEd:EesRsb;UyG7Kb:wQd0G;V2HTTe:RolTY;VGRfx:VFqbr;VN6jIc:ddQyuf;VOcgDe:YquhTb;VsAqSb:PGf2Re;VxQ32b:k0XsBb;WCEKNd:I46Hvd;WDGyFe:jcVOxd;Wfmdue:g3MJlb;XUezZ:sa7lqb;YV5bee:IvPZ6d;YkQtAf:rx8ur;ZMvdv:PHFPjb;ZWEUA:afR4Cf;a56pNe:JEfCwb;aAJE9c:WHW6Ef;aZ61od:arTwJ;bDXwRe:UsyOtc;bFZ6gf:RsDQqe;bcPXSc:gSZLJb;cEt90b:ws9Tlc;cFTWae:gT8qnd;coJ8e:KvoW8;dIoSBb:ZgGg9b;dLlj2:Qqt3Gf;daB6be:lMxGPd;dtl0hd:lLQWFe;eBAeSb:Ck63tb;eBZ5Nd:VruDBd;eHDfl:ofjVkb;eO3lse:nFClrf;fWLTFc:TVBJbf;g8nkx:U4MzKc;gaub4:TN6bMe;gtVSi:ekUOYd;h3MYod:cEt90b;hK67qb:QWEO5b;heHB1:sFczq;hjRo6e:F62sG;hsLsYc:Vl118;iFQyKf:QIhFr,vfuNJf;imqimf:jKGL2e;io8t5d:sgY6Zb;jY0zg:Q6tNgc;k2Qxcb:XY51pe;kCQyJ:ueyPK;kMFpHd:OTA3Ae;kbAm9d:MkHyGd;lkq0A:JyBE3e;nAFL3:NTMZac,s39S4;oGtAuc:sOXFj;oSUNyd:fTfGO,fTfGO;oUlnpc:RagDlc;okUaUd:wItadb;p2tIDb:tp1Cx;pKJiXd:VCenhc;pNsl2d:j9Yuyc;pXdRYb:JKoKVe;pj82le:mg5CW;qZx2Fc:j0xrE;qaS3gd:yiLg6e;qavrXe:zQzcXe;qddgKe:d7YSfd,x4FYXe;rQSrae:C6D5Fc;sP4Vbe:VwDzFe;sTsDMc:kHVSUb;tH4IIe:Ymry6;tosKvd:ZCqP3;trZL0b:qY8PFe;uY49fb:COQbmf;uuQkY:u2V3ud;vGrMZ:lPJJ0c;vfVwPd:lcrkwe;w3bZCb:ZPGaIb;w4rSdf:XKiZ9;w9w86d:dt4g2b;wQlYve:aLUfP;wR5FRb:TtcOte;wV5Pjc:L8KGxe;whEZac:F4AmNb;xBbsrc:NEW1Qc;yGxLoc:FmAr0c;yxTchf:KUM7Z;z97YGf:oug9te;zOsCQe:Ko78Df;zaIgPb:Qtpxbd/m=cdos,hsm,jsa,mb4ZUb,d,csi,cEt90b,SNUn3,qddgKe,sTsDMc,dtl0hd,eHDfl:416:174
_.Vk@https://www.google.com/xjs/_/js/k=xjs.hd.en.uoLM3LrMRXI.O/am=AAAAAAAAAAAAAAAAAAAAAAAAAAAAAAAAAgAAAAAkgAIAAAoAACAAAAAAgMAQACAAIADPA0gEBCAIABgAQBCAhzIBgIAJAAAACAAIAQgCAIAAAABAAQAAAAAAAAAAgAECBAAAAAAAAAAAAAA6AAAIAIBggBAAgAAAAADkAQgOwCAFAQAAAAAAAAAAAAACmCCYCxIQEAABAAAAAAAAAAAAAJBKJxaG/d=1/ed=1/dg=2/rs=ACT90oFFhvR0gFT4se0aT_Fnbh-vDLKkNg/ee=ALeJib:B8gLwd;AfeaP:TkrAjf;Afksuc:wMx0R;BMxAGc:E5bFse;BgS6mb:fidj5d;BjwMce:cXX2Wb;CxXAWb:YyRLvc;DM55c:imLrKe;DULqB:RKfG5c;Dkk6ge:wJqrrd;DpcR3d:zL72xf;EABSZ:MXZt9d;ESrPQc:mNTJvc;EVNhjf:pw70Gc;EmZ2Bf:zr1jrb;EnlcNd:WeHg4;Erl4fe:FloWmf,FloWmf;F9mqte:UoRcbe;Fmv9Nc:O1Tzwc;G0KhTb:LIaoZ;G6wU6e:hezEbd;GleZL:J1A7Od;HMDDWe:G8QUdb;HqeXPd:cmbnH;IBADCc:RYquRb;IoGlCf:b5lhvb;IsdWVc:qzxzOb;JXS8fb:Qj0suc;JbMT3:M25sS;JsbNhc:Xd8iUd;KOxcK:OZqGte;KQzWid:ZMKkN;KcokUb:KiuZBf;KeeMUb:HiPxjc;KpRAue:Tia57b;LBgRLc:XVMNvd;LEikZe:byfTOb,lsjVmc;LsNahb:ucGLNb;Me32dd:MEeYgc;NPKaK:PVlQOd;NSEoX:lazG7b;Np8Qkd:Dpx6qc;Nyt6ic:jn2sGd;OgagBe:cNTe0;Oj465e:KG2eXe,KG2eXe;OohIYe:mpEAQb;Pjplud:EEDORb,PoEs9b;Q1Ow7b:x5CSu;Q6C5kf:pfdZCe;QGR0gd:Mlhmy;R2kc8b:ALJqWb;R4IIIb:QWfeKf;R9Ulx:CR7Ufe;RDNBlf:zPRCJb;SLtqO:Kh1xYe;SMDL4c:fTfGO,fTfGO;SNUn3:ZwDk9d,x8cHvb;ShpF6e:N0pvGc;TxfV6d:YORN0b;U96pRd:FsR04;UDrY1c:eps46d;UVmjEd:EesRsb;UyG7Kb:wQd0G;V2HTTe:RolTY;VGRfx:VFqbr;VN6jIc:ddQyuf;VOcgDe:YquhTb;VsAqSb:PGf2Re;VxQ32b:k0XsBb;WCEKNd:I46Hvd;WDGyFe:jcVOxd;Wfmdue:g3MJlb;XUezZ:sa7lqb;YV5bee:IvPZ6d;YkQtAf:rx8ur;ZMvdv:PHFPjb;ZWEUA:afR4Cf;a56pNe:JEfCwb;aAJE9c:WHW6Ef;aZ61od:arTwJ;bDXwRe:UsyOtc;bFZ6gf:RsDQqe;bcPXSc:gSZLJb;cEt90b:ws9Tlc;cFTWae:gT8qnd;coJ8e:KvoW8;dIoSBb:ZgGg9b;dLlj2:Qqt3Gf;daB6be:lMxGPd;dtl0hd:lLQWFe;eBAeSb:Ck63tb;eBZ5Nd:VruDBd;eHDfl:ofjVkb;eO3lse:nFClrf;fWLTFc:TVBJbf;g8nkx:U4MzKc;gaub4:TN6bMe;gtVSi:ekUOYd;h3MYod:cEt90b;hK67qb:QWEO5b;heHB1:sFczq;hjRo6e:F62sG;hsLsYc:Vl118;iFQyKf:QIhFr,vfuNJf;imqimf:jKGL2e;io8t5d:sgY6Zb;jY0zg:Q6tNgc;k2Qxcb:XY51pe;kCQyJ:ueyPK;kMFpHd:OTA3Ae;kbAm9d:MkHyGd;lkq0A:JyBE3e;nAFL3:NTMZac,s39S4;oGtAuc:sOXFj;oSUNyd:fTfGO,fTfGO;oUlnpc:RagDlc;okUaUd:wItadb;p2tIDb:tp1Cx;pKJiXd:VCenhc;pNsl2d:j9Yuyc;pXdRYb:JKoKVe;pj82le:mg5CW;qZx2Fc:j0xrE;qaS3gd:yiLg6e;qavrXe:zQzcXe;qddgKe:d7YSfd,x4FYXe;rQSrae:C6D5Fc;sP4Vbe:VwDzFe;sTsDMc:kHVSUb;tH4IIe:Ymry6;tosKvd:ZCqP3;trZL0b:qY8PFe;uY49fb:COQbmf;uuQkY:u2V3ud;vGrMZ:lPJJ0c;vfVwPd:lcrkwe;w3bZCb:ZPGaIb;w4rSdf:XKiZ9;w9w86d:dt4g2b;wQlYve:aLUfP;wR5FRb:TtcOte;wV5Pjc:L8KGxe;whEZac:F4AmNb;xBbsrc:NEW1Qc;yGxLoc:FmAr0c;yxTchf:KUM7Z;z97YGf:oug9te;zOsCQe:Ko78Df;zaIgPb:Qtpxbd/m=cdos,hsm,jsa,mb4ZUb,d,csi,cEt90b,SNUn3,qddgKe,sTsDMc,dtl0hd,eHDfl:421:975
twa@https://www.google.com/xjs/_/js/k=xjs.hd.en.uoLM3LrMRXI.O/am=AAAAAAAAAAAAAAAAAAAAAAAAAAAAAAAAAgAAAAAkgAIAAAoAACAAAAAAgMAQACAAIADPA0gEBCAIABgAQBCAhzIBgIAJAAAACAAIAQgCAIAAAABAAQAAAAAAAAAAgAECBAAAAAAAAAAAAAA6AAAIAIBggBAAgAAAAADkAQgOwCAFAQAAAAAAAAAAAAACmCCYCxIQEAABAAAAAAAAAAAAAJBKJxaG/d=1/ed=1/dg=2/rs=ACT90oFFhvR0gFT4se0aT_Fnbh-vDLKkNg/ee=ALeJib:B8gLwd;AfeaP:TkrAjf;Afksuc:wMx0R;BMxAGc:E5bFse;BgS6mb:fidj5d;BjwMce:cXX2Wb;CxXAWb:YyRLvc;DM55c:imLrKe;DULqB:RKfG5c;Dkk6ge:wJqrrd;DpcR3d:zL72xf;EABSZ:MXZt9d;ESrPQc:mNTJvc;EVNhjf:pw70Gc;EmZ2Bf:zr1jrb;EnlcNd:WeHg4;Erl4fe:FloWmf,FloWmf;F9mqte:UoRcbe;Fmv9Nc:O1Tzwc;G0KhTb:LIaoZ;G6wU6e:hezEbd;GleZL:J1A7Od;HMDDWe:G8QUdb;HqeXPd:cmbnH;IBADCc:RYquRb;IoGlCf:b5lhvb;IsdWVc:qzxzOb;JXS8fb:Qj0suc;JbMT3:M25sS;JsbNhc:Xd8iUd;KOxcK:OZqGte;KQzWid:ZMKkN;KcokUb:KiuZBf;KeeMUb:HiPxjc;KpRAue:Tia57b;LBgRLc:XVMNvd;LEikZe:byfTOb,lsjVmc;LsNahb:ucGLNb;Me32dd:MEeYgc;NPKaK:PVlQOd;NSEoX:lazG7b;Np8Qkd:Dpx6qc;Nyt6ic:jn2sGd;OgagBe:cNTe0;Oj465e:KG2eXe,KG2eXe;OohIYe:mpEAQb;Pjplud:EEDORb,PoEs9b;Q1Ow7b:x5CSu;Q6C5kf:pfdZCe;QGR0gd:Mlhmy;R2kc8b:ALJqWb;R4IIIb:QWfeKf;R9Ulx:CR7Ufe;RDNBlf:zPRCJb;SLtqO:Kh1xYe;SMDL4c:fTfGO,fTfGO;SNUn3:ZwDk9d,x8cHvb;ShpF6e:N0pvGc;TxfV6d:YORN0b;U96pRd:FsR04;UDrY1c:eps46d;UVmjEd:EesRsb;UyG7Kb:wQd0G;V2HTTe:RolTY;VGRfx:VFqbr;VN6jIc:ddQyuf;VOcgDe:YquhTb;VsAqSb:PGf2Re;VxQ32b:k0XsBb;WCEKNd:I46Hvd;WDGyFe:jcVOxd;Wfmdue:g3MJlb;XUezZ:sa7lqb;YV5bee:IvPZ6d;YkQtAf:rx8ur;ZMvdv:PHFPjb;ZWEUA:afR4Cf;a56pNe:JEfCwb;aAJE9c:WHW6Ef;aZ61od:arTwJ;bDXwRe:UsyOtc;bFZ6gf:RsDQqe;bcPXSc:gSZLJb;cEt90b:ws9Tlc;cFTWae:gT8qnd;coJ8e:KvoW8;dIoSBb:ZgGg9b;dLlj2:Qqt3Gf;daB6be:lMxGPd;dtl0hd:lLQWFe;eBAeSb:Ck63tb;eBZ5Nd:VruDBd;eHDfl:ofjVkb;eO3lse:nFClrf;fWLTFc:TVBJbf;g8nkx:U4MzKc;gaub4:TN6bMe;gtVSi:ekUOYd;h3MYod:cEt90b;hK67qb:QWEO5b;heHB1:sFczq;hjRo6e:F62sG;hsLsYc:Vl118;iFQyKf:QIhFr,vfuNJf;imqimf:jKGL2e;io8t5d:sgY6Zb;jY0zg:Q6tNgc;k2Qxcb:XY51pe;kCQyJ:ueyPK;kMFpHd:OTA3Ae;kbAm9d:MkHyGd;lkq0A:JyBE3e;nAFL3:NTMZac,s39S4;oGtAuc:sOXFj;oSUNyd:fTfGO,fTfGO;oUlnpc:RagDlc;okUaUd:wItadb;p2tIDb:tp1Cx;pKJiXd:VCenhc;pNsl2d:j9Yuyc;pXdRYb:JKoKVe;pj82le:mg5CW;qZx2Fc:j0xrE;qaS3gd:yiLg6e;qavrXe:zQzcXe;qddgKe:d7YSfd,x4FYXe;rQSrae:C6D5Fc;sP4Vbe:VwDzFe;sTsDMc:kHVSUb;tH4IIe:Ymry6;tosKvd:ZCqP3;trZL0b:qY8PFe;uY49fb:COQbmf;uuQkY:u2V3ud;vGrMZ:lPJJ0c;vfVwPd:lcrkwe;w3bZCb:ZPGaIb;w4rSdf:XKiZ9;w9w86d:dt4g2b;wQlYve:aLUfP;wR5FRb:TtcOte;wV5Pjc:L8KGxe;whEZac:F4AmNb;xBbsrc:NEW1Qc;yGxLoc:FmAr0c;yxTchf:KUM7Z;z97YGf:oug9te;zOsCQe:Ko78Df;zaIgPb:Qtpxbd/m=cdos,hsm,jsa,mb4ZUb,d,csi,cEt90b,SNUn3,qddgKe,sTsDMc,dtl0hd,eHDfl:433:347
b@https://www.google.com/xjs/_/js/k=xjs.hd.en.uoLM3LrMRXI.O/am=AAAAAAAAAAAAAAAAAAAAAAAAAAAAAAAAAgAAAAAkgAIAAAoAACAAAAAAgMAQACAAIADPA0gEBCAIABgAQBCAhzIBgIAJAAAACAAIAQgCAIAAAABAAQAAAAAAAAAAgAECBAAAAAAAAAAAAAA6AAAIAIBggBAAgAAAAADkAQgOwCAFAQAAAAAAAAAAAAACmCCYCxIQEAABAAAAAAAAAAAAAJBKJxaG/d=1/ed=1/dg=2/rs=ACT90oFFhvR0gFT4se0aT_Fnbh-vDLKkNg/ee=ALeJib:B8gLwd;AfeaP:TkrAjf;Afksuc:wMx0R;BMxAGc:E5bFse;BgS6mb:fidj5d;BjwMce:cXX2Wb;CxXAWb:YyRLvc;DM55c:imLrKe;DULqB:RKfG5c;Dkk6ge:wJqrrd;DpcR3d:zL72xf;EABSZ:MXZt9d;ESrPQc:mNTJvc;EVNhjf:pw70Gc;EmZ2Bf:zr1jrb;EnlcNd:WeHg4;Erl4fe:FloWmf,FloWmf;F9mqte:UoRcbe;Fmv9Nc:O1Tzwc;G0KhTb:LIaoZ;G6wU6e:hezEbd;GleZL:J1A7Od;HMDDWe:G8QUdb;HqeXPd:cmbnH;IBADCc:RYquRb;IoGlCf:b5lhvb;IsdWVc:qzxzOb;JXS8fb:Qj0suc;JbMT3:M25sS;JsbNhc:Xd8iUd;KOxcK:OZqGte;KQzWid:ZMKkN;KcokUb:KiuZBf;KeeMUb:HiPxjc;KpRAue:Tia57b;LBgRLc:XVMNvd;LEikZe:byfTOb,lsjVmc;LsNahb:ucGLNb;Me32dd:MEeYgc;NPKaK:PVlQOd;NSEoX:lazG7b;Np8Qkd:Dpx6qc;Nyt6ic:jn2sGd;OgagBe:cNTe0;Oj465e:KG2eXe,KG2eXe;OohIYe:mpEAQb;Pjplud:EEDORb,PoEs9b;Q1Ow7b:x5CSu;Q6C5kf:pfdZCe;QGR0gd:Mlhmy;R2kc8b:ALJqWb;R4IIIb:QWfeKf;R9Ulx:CR7Ufe;RDNBlf:zPRCJb;SLtqO:Kh1xYe;SMDL4c:fTfGO,fTfGO;SNUn3:ZwDk9d,x8cHvb;ShpF6e:N0pvGc;TxfV6d:YORN0b;U96pRd:FsR04;UDrY1c:eps46d;UVmjEd:EesRsb;UyG7Kb:wQd0G;V2HTTe:RolTY;VGRfx:VFqbr;VN6jIc:ddQyuf;VOcgDe:YquhTb;VsAqSb:PGf2Re;VxQ32b:k0XsBb;WCEKNd:I46Hvd;WDGyFe:jcVOxd;Wfmdue:g3MJlb;XUezZ:sa7lqb;YV5bee:IvPZ6d;YkQtAf:rx8ur;ZMvdv:PHFPjb;ZWEUA:afR4Cf;a56pNe:JEfCwb;aAJE9c:WHW6Ef;aZ61od:arTwJ;bDXwRe:UsyOtc;bFZ6gf:RsDQqe;bcPXSc:gSZLJb;cEt90b:ws9Tlc;cFTWae:gT8qnd;coJ8e:KvoW8;dIoSBb:ZgGg9b;dLlj2:Qqt3Gf;daB6be:lMxGPd;dtl0hd:lLQWFe;eBAeSb:Ck63tb;eBZ5Nd:VruDBd;eHDfl:ofjVkb;eO3lse:nFClrf;fWLTFc:TVBJbf;g8nkx:U4MzKc;gaub4:TN6bMe;gtVSi:ekUOYd;h3MYod:cEt90b;hK67qb:QWEO5b;heHB1:sFczq;hjRo6e:F62sG;hsLsYc:Vl118;iFQyKf:QIhFr,vfuNJf;imqimf:jKGL2e;io8t5d:sgY6Zb;jY0zg:Q6tNgc;k2Qxcb:XY51pe;kCQyJ:ueyPK;kMFpHd:OTA3Ae;kbAm9d:MkHyGd;lkq0A:JyBE3e;nAFL3:NTMZac,s39S4;oGtAuc:sOXFj;oSUNyd:fTfGO,fTfGO;oUlnpc:RagDlc;okUaUd:wItadb;p2tIDb:tp1Cx;pKJiXd:VCenhc;pNsl2d:j9Yuyc;pXdRYb:JKoKVe;pj82le:mg5CW;qZx2Fc:j0xrE;qaS3gd:yiLg6e;qavrXe:zQzcXe;qddgKe:d7YSfd,x4FYXe;rQSrae:C6D5Fc;sP4Vbe:VwDzFe;sTsDMc:kHVSUb;tH4IIe:Ymry6;tosKvd:ZCqP3;trZL0b:qY8PFe;uY49fb:COQbmf;uuQkY:u2V3ud;vGrMZ:lPJJ0c;vfVwPd:lcrkwe;w3bZCb:ZPGaIb;w4rSdf:XKiZ9;w9w86d:dt4g2b;wQlYve:aLUfP;wR5FRb:TtcOte;wV5Pjc:L8KGxe;whEZac:F4AmNb;xBbsrc:NEW1Qc;yGxLoc:FmAr0c;yxTchf:KUM7Z;z97YGf:oug9te;zOsCQe:Ko78Df;zaIgPb:Qtpxbd/m=cdos,hsm,jsa,mb4ZUb,d,csi,cEt90b,SNUn3,qddgKe,sTsDMc,dtl0hd,eHDfl:429:49

1712945281720	Marionette	INFO	Stopped listening on port 62201
Dynamically enable window occlusion 1
1712945308145	geckodriver	INFO	Listening on 127.0.0.1:62295
1712945311175	mozrunner::runner	INFO	Running command: "C:\\Program Files\\Mozilla Firefox\\firefox.exe" "--marionette" "--remote-debugging-port" "62296" "--remote-allow-hosts" "localhost" "-no-remote" "-profile" "C:\\Users\\swaru\\AppData\\Local\\Temp\\rust_mozprofileP51f6i"
console.warn: services.settings: Ignoring preference override of remote settings server
console.warn: services.settings: Allow by setting MOZ_REMOTE_SETTINGS_DEVTOOLS=1 in the environment
1712945311450	Marionette	INFO	Marionette enabled
Dynamically enable window occlusion 0
1712945311527	Marionette	INFO	Listening on port 62305
WebDriver BiDi listening on ws://127.0.0.1:62296
Read port: 62305
1712945311692	RemoteAgent	WARN	TLS certificate errors will be ignored for this session
DevTools listening on ws://127.0.0.1:62296/devtools/browser/af12bb10-a658-483a-9cde-976d3863a6af
1712945314719	Marionette	INFO	Stopped listening on port 62305
Dynamically enable window occlusion 1
1712945529460	geckodriver	INFO	Listening on 127.0.0.1:62531
1712945532514	mozrunner::runner	INFO	Running command: "C:\\Program Files\\Mozilla Firefox\\firefox.exe" "--marionette" "--remote-debugging-port" "62532" "--remote-allow-hosts" "localhost" "-no-remote" "-profile" "C:\\Users\\swaru\\AppData\\Local\\Temp\\rust_mozprofilea27EW2"
console.warn: services.settings: Ignoring preference override of remote settings server
console.warn: services.settings: Allow by setting MOZ_REMOTE_SETTINGS_DEVTOOLS=1 in the environment
1712945532967	Marionette	INFO	Marionette enabled
Dynamically enable window occlusion 0
1712945533061	Marionette	INFO	Listening on port 62542
WebDriver BiDi listening on ws://127.0.0.1:62532
Read port: 62542
1712945533249	RemoteAgent	WARN	TLS certificate errors will be ignored for this session
DevTools listening on ws://127.0.0.1:62532/devtools/browser/5ae07fcf-54d4-4ff5-a0b1-40ca0bec7c56
console.warn: LoginRecipes: "Falling back to a synchronous message for: https://www.google.com."
1712945536763	Marionette	INFO	Stopped listening on port 62542
Dynamically enable window occlusion 1
1712946034022	geckodriver	INFO	Listening on 127.0.0.1:62997
1712946037063	mozrunner::runner	INFO	Running command: "C:\\Program Files\\Mozilla Firefox\\firefox.exe" "--marionette" "--remote-debugging-port" "62998" "--remote-allow-hosts" "localhost" "-no-remote" "-profile" "C:\\Users\\swaru\\AppData\\Local\\Temp\\rust_mozprofileX4fjHq"
console.warn: services.settings: Ignoring preference override of remote settings server
console.warn: services.settings: Allow by setting MOZ_REMOTE_SETTINGS_DEVTOOLS=1 in the environment
1712946037518	Marionette	INFO	Marionette enabled
Dynamically enable window occlusion 0
1712946037607	Marionette	INFO	Listening on port 63009
WebDriver BiDi listening on ws://127.0.0.1:62998
Read port: 63009
1712946037799	RemoteAgent	WARN	TLS certificate errors will be ignored for this session
DevTools listening on ws://127.0.0.1:62998/devtools/browser/afed6df1-fc9b-4d51-bf85-8293938bd2e7
JavaScript warning: https://www.google.com/maps/_/js/k=maps.m.en.UG_gyA50Qic.2019.O/m=sc2,per,mo,lp,ti,ds,stx,dwi,enr,bom,b/am=JgCjAQg/rt=j/d=1/rs=ACT90oFOpGlYCculhE42UJwxMJKurURmGQ?wli=m.NI-b_Tk_kI0.loadSv.O%3A%3Bm.Z4ieDLz3MC8.mapcore.O%3A%3B, line 1310: WEBGL_debug_renderer_info is deprecated in Firefox and will be removed. Please use RENDERER.
JavaScript warning: , line 0: WebGL warning: texSubImage: Texture has not been initialized prior to a partial upload, forcing the browser to clear it. This may be slow.
JavaScript warning: , line 0: WebGL warning: texSubImage: Tex image TEXTURE_2D level 0 is incurring lazy initialization.
JavaScript warning: , line 0: WebGL warning: texSubImage: Texture has not been initialized prior to a partial upload, forcing the browser to clear it. This may be slow.
JavaScript warning: , line 0: WebGL warning: texSubImage: Tex image TEXTURE_2D level 0 is incurring lazy initialization.
1712946042658	Marionette	INFO	Stopped listening on port 63009
JavaScript warning: https://www.google.com/maps/_/js/k=maps.m.en.UG_gyA50Qic.2019.O/ck=maps.m.QGf188mZUVI.L.F4.O/m=vwr,vd,a,nrw,owc,ob,sp,en,smi,sc,vlg,log,smr,as,wrc/am=JgCjAQg/rt=j/d=1/rs=ACT90oH5MHBc0Il4n8V04f8yRiUlQmjYbw/ed=1/exm=sc2,per,mo,lp,ti,ds,stx,dwi,enr,bom,b, line 777: Script terminated by timeout at:
Xb@https://www.google.com/maps/_/js/k=maps.m.en.UG_gyA50Qic.2019.O/ck=maps.m.QGf188mZUVI.L.F4.O/m=vwr,vd,a,nrw,owc,ob,sp,en,smi,sc,vlg,log,smr,as,wrc/am=JgCjAQg/rt=j/d=1/rs=ACT90oH5MHBc0Il4n8V04f8yRiUlQmjYbw/ed=1/exm=sc2,per,mo,lp,ti,ds,stx,dwi,enr,bom,b:777:416
Ya@https://www.google.com/maps/_/js/k=maps.m.en.UG_gyA50Qic.2019.O/ck=maps.m.QGf188mZUVI.L.F4.O/m=vwr,vd,a,nrw,owc,ob,sp,en,smi,sc,vlg,log,smr,as,wrc/am=JgCjAQg/rt=j/d=1/rs=ACT90oH5MHBc0Il4n8V04f8yRiUlQmjYbw/ed=1/exm=sc2,per,mo,lp,ti,ds,stx,dwi,enr,bom,b:382:20
Ya@https://www.google.com/maps/_/js/k=maps.m.en.UG_gyA50Qic.2019.O/ck=maps.m.QGf188mZUVI.L.F4.O/m=vwr,vd,a,nrw,owc,ob,sp,en,smi,sc,vlg,log,smr,as,wrc/am=JgCjAQg/rt=j/d=1/rs=ACT90oH5MHBc0Il4n8V04f8yRiUlQmjYbw/ed=1/exm=sc2,per,mo,lp,ti,ds,stx,dwi,enr,bom,b:409:262
render@https://www.google.com/maps/_/js/k=maps.m.en.UG_gyA50Qic.2019.O/ck=maps.m.QGf188mZUVI.L.F4.O/m=vwr,vd,a,nrw,owc,ob,sp,en,smi,sc,vlg,log,smr,as,wrc/am=JgCjAQg/rt=j/d=1/rs=ACT90oH5MHBc0Il4n8V04f8yRiUlQmjYbw/ed=1/exm=sc2,per,mo,lp,ti,ds,stx,dwi,enr,bom,b:2026:331
render@https://www.google.com/maps/_/js/k=maps.m.en.UG_gyA50Qic.2019.O/ck=maps.m.QGf188mZUVI.L.F4.O/m=vwr,vd,a,nrw,owc,ob,sp,en,smi,sc,vlg,log,smr,as,wrc/am=JgCjAQg/rt=j/d=1/rs=ACT90oH5MHBc0Il4n8V04f8yRiUlQmjYbw/ed=1/exm=sc2,per,mo,lp,ti,ds,stx,dwi,enr,bom,b:2025:307
Xq/c<@https://www.google.com/maps/_/js/k=maps.m.en.UG_gyA50Qic.2019.O/m=sc2,per,mo,lp,ti,ds,stx,dwi,enr,bom,b/am=JgCjAQg/rt=j/d=1/rs=ACT90oFOpGlYCculhE42UJwxMJKurURmGQ?wli=m.NI-b_Tk_kI0.loadSv.O%3A%3Bm.Z4ieDLz3MC8.mapcore.O%3A%3B:850:366
rWa@https://www.google.com/maps/_/js/k=maps.m.en.UG_gyA50Qic.2019.O/m=sc2,per,mo,lp,ti,ds,stx,dwi,enr,bom,b/am=JgCjAQg/rt=j/d=1/rs=ACT90oFOpGlYCculhE42UJwxMJKurURmGQ?wli=m.NI-b_Tk_kI0.loadSv.O%3A%3Bm.Z4ieDLz3MC8.mapcore.O%3A%3B:846:1855
sWa@https://www.google.com/maps/_/js/k=maps.m.en.UG_gyA50Qic.2019.O/m=sc2,per,mo,lp,ti,ds,stx,dwi,enr,bom,b/am=JgCjAQg/rt=j/d=1/rs=ACT90oFOpGlYCculhE42UJwxMJKurURmGQ?wli=m.NI-b_Tk_kI0.loadSv.O%3A%3Bm.Z4ieDLz3MC8.mapcore.O%3A%3B:847:100
ixa@https://www.google.com/maps/_/js/k=maps.m.en.UG_gyA50Qic.2019.O/m=sc2,per,mo,lp,ti,ds,stx,dwi,enr,bom,b/am=JgCjAQg/rt=j/d=1/rs=ACT90oFOpGlYCculhE42UJwxMJKurURmGQ?wli=m.NI-b_Tk_kI0.loadSv.O%3A%3Bm.Z4ieDLz3MC8.mapcore.O%3A%3B:854:398
c@https://www.google.com/maps/_/js/k=maps.m.en.UG_gyA50Qic.2019.O/ck=maps.m.QGf188mZUVI.L.F4.O/m=vwr,vd,a,nrw,owc,ob,sp,en,smi,sc,vlg,log,smr,as,wrc/am=JgCjAQg/rt=j/d=1/rs=ACT90oH5MHBc0Il4n8V04f8yRiUlQmjYbw/ed=1/exm=sc2,per,mo,lp,ti,ds,stx,dwi,enr,bom,b:2495:256
this.wa@https://www.google.com/maps/_/js/k=maps.m.en.UG_gyA50Qic.2019.O/m=sc2,per,mo,lp,ti,ds,stx,dwi,enr,bom,b/am=JgCjAQg/rt=j/d=1/rs=ACT90oFOpGlYCculhE42UJwxMJKurURmGQ?wli=m.NI-b_Tk_kI0.loadSv.O%3A%3Bm.Z4ieDLz3MC8.mapcore.O%3A%3B:853:172

JavaScript warning: , line 0: WebGL warning: drawArraysInstanced: Tex image TEXTURE_2D level 0 is incurring lazy initialization.
Dynamically enable window occlusion 1
1712946229876	geckodriver	INFO	Listening on 127.0.0.1:63281
1712946232941	mozrunner::runner	INFO	Running command: "C:\\Program Files\\Mozilla Firefox\\firefox.exe" "--marionette" "--remote-debugging-port" "63282" "--remote-allow-hosts" "localhost" "-no-remote" "-profile" "C:\\Users\\swaru\\AppData\\Local\\Temp\\rust_mozprofileVG2ztW"
console.warn: services.settings: Ignoring preference override of remote settings server
console.warn: services.settings: Allow by setting MOZ_REMOTE_SETTINGS_DEVTOOLS=1 in the environment
1712946233381	Marionette	INFO	Marionette enabled
Dynamically enable window occlusion 0
1712946233468	Marionette	INFO	Listening on port 63292
WebDriver BiDi listening on ws://127.0.0.1:63282
Read port: 63292
1712946233652	RemoteAgent	WARN	TLS certificate errors will be ignored for this session
DevTools listening on ws://127.0.0.1:63282/devtools/browser/f8fe741f-9d42-41d3-93ef-23d9dc0d1953
JavaScript warning: https://www.google.com/maps/_/js/k=maps.m.en.UG_gyA50Qic.2019.O/m=sc2,per,mo,lp,ti,ds,stx,dwi,enr,bom,b/am=JgCjAQg/rt=j/d=1/rs=ACT90oFOpGlYCculhE42UJwxMJKurURmGQ?wli=m.NI-b_Tk_kI0.loadSv.O%3A%3Bm.Z4ieDLz3MC8.mapcore.O%3A%3B, line 1310: WEBGL_debug_renderer_info is deprecated in Firefox and will be removed. Please use RENDERER.
JavaScript warning: , line 0: WebGL warning: texSubImage: Texture has not been initialized prior to a partial upload, forcing the browser to clear it. This may be slow.
JavaScript warning: , line 0: WebGL warning: texSubImage: Tex image TEXTURE_2D level 0 is incurring lazy initialization.
JavaScript warning: , line 0: WebGL warning: texSubImage: Texture has not been initialized prior to a partial upload, forcing the browser to clear it. This may be slow.
JavaScript warning: , line 0: WebGL warning: texSubImage: Tex image TEXTURE_2D level 0 is incurring lazy initialization.
1712946237597	Marionette	INFO	Stopped listening on port 63292
JavaScript warning: , line 0: WebGL warning: drawArraysInstanced: Tex image TEXTURE_2D level 0 is incurring lazy initialization.
JavaScript warning: https://www.google.com/maps/_/js/k=maps.m.en.UG_gyA50Qic.2019.O/m=sc2,per,mo,lp,ti,ds,stx,dwi,enr,bom,b/am=JgCjAQg/rt=j/d=1/rs=ACT90oFOpGlYCculhE42UJwxMJKurURmGQ?wli=m.NI-b_Tk_kI0.loadSv.O%3A%3Bm.Z4ieDLz3MC8.mapcore.O%3A%3B, line 853: Script terminated by timeout at:
this.wa@https://www.google.com/maps/_/js/k=maps.m.en.UG_gyA50Qic.2019.O/m=sc2,per,mo,lp,ti,ds,stx,dwi,enr,bom,b/am=JgCjAQg/rt=j/d=1/rs=ACT90oFOpGlYCculhE42UJwxMJKurURmGQ?wli=m.NI-b_Tk_kI0.loadSv.O%3A%3Bm.Z4ieDLz3MC8.mapcore.O%3A%3B:853:157

Dynamically enable window occlusion 1
1712946247127	geckodriver	INFO	Listening on 127.0.0.1:63353
1712946250208	mozrunner::runner	INFO	Running command: "C:\\Program Files\\Mozilla Firefox\\firefox.exe" "--marionette" "--remote-debugging-port" "63354" "--remote-allow-hosts" "localhost" "-no-remote" "-profile" "C:\\Users\\swaru\\AppData\\Local\\Temp\\rust_mozprofileh4AYe3"
console.warn: services.settings: Ignoring preference override of remote settings server
console.warn: services.settings: Allow by setting MOZ_REMOTE_SETTINGS_DEVTOOLS=1 in the environment
1712946250560	Marionette	INFO	Marionette enabled
Dynamically enable window occlusion 0
1712946250639	Marionette	INFO	Listening on port 63363
WebDriver BiDi listening on ws://127.0.0.1:63354
Read port: 63363
1712946250799	RemoteAgent	WARN	TLS certificate errors will be ignored for this session
DevTools listening on ws://127.0.0.1:63354/devtools/browser/203810ca-f662-4750-9b97-1e91776d87af
JavaScript warning: https://www.google.com/maps/_/js/k=maps.m.en.UG_gyA50Qic.2019.O/m=sc2,per,mo,lp,ti,ds,stx,dwi,enr,bom,b/am=JgChAQg/rt=j/d=1/rs=ACT90oHnuGe0ESbfp0lnI1d6uyYq3vI0fA?wli=m.NI-b_Tk_kI0.loadSv.O%3A%3Bm.Z4ieDLz3MC8.mapcore.O%3A%3B, line 1310: WEBGL_debug_renderer_info is deprecated in Firefox and will be removed. Please use RENDERER.
JavaScript warning: , line 0: WebGL warning: texSubImage: Texture has not been initialized prior to a partial upload, forcing the browser to clear it. This may be slow.
JavaScript warning: , line 0: WebGL warning: texSubImage: Tex image TEXTURE_2D level 0 is incurring lazy initialization.
JavaScript warning: , line 0: WebGL warning: texSubImage: Texture has not been initialized prior to a partial upload, forcing the browser to clear it. This may be slow.
JavaScript warning: , line 0: WebGL warning: texSubImage: Tex image TEXTURE_2D level 0 is incurring lazy initialization.
JavaScript warning: , line 0: WebGL warning: drawArraysInstanced: Tex image TEXTURE_2D level 0 is incurring lazy initialization.
JavaScript warning: , line 0: WebGL warning: texSubImage: Texture has not been initialized prior to a partial upload, forcing the browser to clear it. This may be slow.
JavaScript warning: , line 0: WebGL warning: texSubImage: Tex image TEXTURE_2D level 0 is incurring lazy initialization.
1712946255428	Marionette	INFO	Stopped listening on port 63363
JavaScript warning: https://www.google.com/maps/_/js/k=maps.m.en.UG_gyA50Qic.2019.O/ck=maps.m.QGf188mZUVI.L.F4.O/m=vwr,vd,a,nrw,owc,ob,sp,en,smi,sc,vlg,log,smr,as,wrc/am=JgChAQg/rt=j/d=1/rs=ACT90oH1gWdsZNm1orpJP2pdTiPQN9NQEQ/ed=1/exm=sc2,per,mo,lp,ti,ds,stx,dwi,enr,bom,b, line 736: Script terminated by timeout at:
jU@https://www.google.com/maps/_/js/k=maps.m.en.UG_gyA50Qic.2019.O/ck=maps.m.QGf188mZUVI.L.F4.O/m=vwr,vd,a,nrw,owc,ob,sp,en,smi,sc,vlg,log,smr,as,wrc/am=JgChAQg/rt=j/d=1/rs=ACT90oH1gWdsZNm1orpJP2pdTiPQN9NQEQ/ed=1/exm=sc2,per,mo,lp,ti,ds,stx,dwi,enr,bom,b:736:438
_.kyh/<@https://www.google.com/maps/_/js/k=maps.m.en.UG_gyA50Qic.2019.O/ck=maps.m.QGf188mZUVI.L.F4.O/m=vwr,vd,a,nrw,owc,ob,sp,en,smi,sc,vlg,log,smr,as,wrc/am=JgChAQg/rt=j/d=1/rs=ACT90oH1gWdsZNm1orpJP2pdTiPQN9NQEQ/ed=1/exm=sc2,per,mo,lp,ti,ds,stx,dwi,enr,bom,b:744:254
next@https://www.google.com/maps/_/js/k=maps.m.en.UG_gyA50Qic.2019.O/ck=maps.m.QGf188mZUVI.L.F4.O/m=vwr,vd,a,nrw,owc,ob,sp,en,smi,sc,vlg,log,smr,as,wrc/am=JgChAQg/rt=j/d=1/rs=ACT90oH1gWdsZNm1orpJP2pdTiPQN9NQEQ/ed=1/exm=sc2,per,mo,lp,ti,ds,stx,dwi,enr,bom,b:563:460
c@https://www.google.com/maps/_/js/k=maps.m.en.UG_gyA50Qic.2019.O/m=sc2,per,mo,lp,ti,ds,stx,dwi,enr,bom,b/am=JgChAQg/rt=j/d=1/rs=ACT90oHnuGe0ESbfp0lnI1d6uyYq3vI0fA?wli=m.NI-b_Tk_kI0.loadSv.O%3A%3Bm.Z4ieDLz3MC8.mapcore.O%3A%3B:851:278
Ur@https://www.google.com/maps/_/js/k=maps.m.en.UG_gyA50Qic.2019.O/m=sc2,per,mo,lp,ti,ds,stx,dwi,enr,bom,b/am=JgChAQg/rt=j/d=1/rs=ACT90oHnuGe0ESbfp0lnI1d6uyYq3vI0fA?wli=m.NI-b_Tk_kI0.loadSv.O%3A%3Bm.Z4ieDLz3MC8.mapcore.O%3A%3B:848:134
FWa@https://www.google.com/maps/_/js/k=maps.m.en.UG_gyA50Qic.2019.O/m=sc2,per,mo,lp,ti,ds,stx,dwi,enr,bom,b/am=JgChAQg/rt=j/d=1/rs=ACT90oHnuGe0ESbfp0lnI1d6uyYq3vI0fA?wli=m.NI-b_Tk_kI0.loadSv.O%3A%3Bm.Z4ieDLz3MC8.mapcore.O%3A%3B:852:593
kxa@https://www.google.com/maps/_/js/k=maps.m.en.UG_gyA50Qic.2019.O/m=sc2,per,mo,lp,ti,ds,stx,dwi,enr,bom,b/am=JgChAQg/rt=j/d=1/rs=ACT90oHnuGe0ESbfp0lnI1d6uyYq3vI0fA?wli=m.NI-b_Tk_kI0.loadSv.O%3A%3Bm.Z4ieDLz3MC8.mapcore.O%3A%3B:854:286
c@https://www.google.com/maps/_/js/k=maps.m.en.UG_gyA50Qic.2019.O/ck=maps.m.QGf188mZUVI.L.F4.O/m=vwr,vd,a,nrw,owc,ob,sp,en,smi,sc,vlg,log,smr,as,wrc/am=JgChAQg/rt=j/d=1/rs=ACT90oH1gWdsZNm1orpJP2pdTiPQN9NQEQ/ed=1/exm=sc2,per,mo,lp,ti,ds,stx,dwi,enr,bom,b:2495:256
this.Na@https://www.google.com/maps/_/js/k=maps.m.en.UG_gyA50Qic.2019.O/m=sc2,per,mo,lp,ti,ds,stx,dwi,enr,bom,b/am=JgChAQg/rt=j/d=1/rs=ACT90oHnuGe0ESbfp0lnI1d6uyYq3vI0fA?wli=m.NI-b_Tk_kI0.loadSv.O%3A%3Bm.Z4ieDLz3MC8.mapcore.O%3A%3B:853:137
c@https://www.google.com/maps/_/js/k=maps.m.en.UG_gyA50Qic.2019.O/ck=maps.m.QGf188mZUVI.L.F4.O/m=vwr,vd,a,nrw,owc,ob,sp,en,smi,sc,vlg,log,smr,as,wrc/am=JgChAQg/rt=j/d=1/rs=ACT90oH1gWdsZNm1orpJP2pdTiPQN9NQEQ/ed=1/exm=sc2,per,mo,lp,ti,ds,stx,dwi,enr,bom,b:2495:256
_.hm.tkb/b.port1.onmessage@https://www.google.com/maps/_/js/k=maps.m.en.UG_gyA50Qic.2019.O/m=sc2,per,mo,lp,ti,ds,stx,dwi,enr,bom,b/am=JgChAQg/rt=j/d=1/rs=ACT90oHnuGe0ESbfp0lnI1d6uyYq3vI0fA?wli=m.NI-b_Tk_kI0.loadSv.O%3A%3Bm.Z4ieDLz3MC8.mapcore.O%3A%3B:383:250

JavaScript warning: , line 0: WebGL warning: tex(Sub)Image[23]D: Resource has no data (yet?). Uploading zeros.
JavaScript warning: , line 0: WebGL warning: texSubImage: `source` cannot be null.
JavaScript warning: , line 0: WebGL warning: tex(Sub)Image[23]D: Resource has no data (yet?). Uploading zeros.
JavaScript warning: , line 0: WebGL warning: texSubImage: `source` cannot be null.
Dynamically enable window occlusion 1
1712947353646	geckodriver	INFO	Listening on 127.0.0.1:64488
1712947356692	mozrunner::runner	INFO	Running command: "C:\\Program Files\\Mozilla Firefox\\firefox.exe" "--marionette" "--remote-debugging-port" "64489" "--remote-allow-hosts" "localhost" "-no-remote" "-profile" "C:\\Users\\swaru\\AppData\\Local\\Temp\\rust_mozprofileNdkjea"
console.warn: services.settings: Ignoring preference override of remote settings server
console.warn: services.settings: Allow by setting MOZ_REMOTE_SETTINGS_DEVTOOLS=1 in the environment
1712947357221	Marionette	INFO	Marionette enabled
Dynamically enable window occlusion 0
1712947357317	Marionette	INFO	Listening on port 64498
WebDriver BiDi listening on ws://127.0.0.1:64489
Read port: 64498
1712947357531	RemoteAgent	WARN	TLS certificate errors will be ignored for this session
DevTools listening on ws://127.0.0.1:64489/devtools/browser/9b575b6d-bfe2-4a2c-9844-150e6f72e522
JavaScript warning: https://www.google.com/maps/_/js/k=maps.m.en._PR807uv0XY.2019.O/m=sc2,per,mo,lp,ti,ds,stx,dwi,enr,bom,b/am=JgCjAQg/rt=j/d=1/rs=ACT90oGzBgDIBnEo26goDYZ_6r2OXUwhpA?wli=m.0ORhXY8LodI.loadSv.O%3A%3Bm.23uKk1DnVes.mapcore.O%3A%3B, line 1311: WEBGL_debug_renderer_info is deprecated in Firefox and will be removed. Please use RENDERER.
JavaScript warning: , line 0: WebGL warning: texSubImage: Texture has not been initialized prior to a partial upload, forcing the browser to clear it. This may be slow.
JavaScript warning: , line 0: WebGL warning: texSubImage: Tex image TEXTURE_2D level 0 is incurring lazy initialization.
JavaScript warning: , line 0: WebGL warning: texSubImage: Texture has not been initialized prior to a partial upload, forcing the browser to clear it. This may be slow.
JavaScript warning: , line 0: WebGL warning: texSubImage: Tex image TEXTURE_2D level 0 is incurring lazy initialization.
1712947362001	Marionette	INFO	Stopped listening on port 64498
JavaScript warning: , line 0: WebGL warning: drawArraysInstanced: Tex image TEXTURE_2D level 0 is incurring lazy initialization.
JavaScript warning: https://www.google.com/maps/_/js/k=maps.m.en._PR807uv0XY.2019.O/m=sc2,per,mo,lp,ti,ds,stx,dwi,enr,bom,b/am=JgCjAQg/rt=j/d=1/rs=ACT90oGzBgDIBnEo26goDYZ_6r2OXUwhpA?wli=m.0ORhXY8LodI.loadSv.O%3A%3Bm.23uKk1DnVes.mapcore.O%3A%3B, line 853: Script terminated by timeout at:
this.wa@https://www.google.com/maps/_/js/k=maps.m.en._PR807uv0XY.2019.O/m=sc2,per,mo,lp,ti,ds,stx,dwi,enr,bom,b/am=JgCjAQg/rt=j/d=1/rs=ACT90oGzBgDIBnEo26goDYZ_6r2OXUwhpA?wli=m.0ORhXY8LodI.loadSv.O%3A%3Bm.23uKk1DnVes.mapcore.O%3A%3B:853:157

Dynamically enable window occlusion 1
1712947451709	geckodriver	INFO	Listening on 127.0.0.1:64633
1712947454770	mozrunner::runner	INFO	Running command: "C:\\Program Files\\Mozilla Firefox\\firefox.exe" "--marionette" "--remote-debugging-port" "64634" "--remote-allow-hosts" "localhost" "-no-remote" "-profile" "C:\\Users\\swaru\\AppData\\Local\\Temp\\rust_mozprofile9jFyR3"
console.warn: services.settings: Ignoring preference override of remote settings server
console.warn: services.settings: Allow by setting MOZ_REMOTE_SETTINGS_DEVTOOLS=1 in the environment
1712947455169	Marionette	INFO	Marionette enabled
Dynamically enable window occlusion 0
1712947455268	Marionette	INFO	Listening on port 64643
WebDriver BiDi listening on ws://127.0.0.1:64634
Read port: 64643
1712947455347	RemoteAgent	WARN	TLS certificate errors will be ignored for this session
DevTools listening on ws://127.0.0.1:64634/devtools/browser/b11d5e64-f8b3-4454-9bdb-c4925a350751
JavaScript warning: https://www.google.com/maps/_/js/k=maps.m.en._PR807uv0XY.2019.O/m=sc2,per,mo,lp,ep,ti,ds,stx,dwi,enr,pwd,dw,plm,log,b/am=JgCjAQg/rt=j/d=1/rs=ACT90oGzBgDIBnEo26goDYZ_6r2OXUwhpA?wli=m.0ORhXY8LodI.loadSv.O%3A%3Bm.23uKk1DnVes.mapcore.O%3A%3B, line 2419: WEBGL_debug_renderer_info is deprecated in Firefox and will be removed. Please use RENDERER.
JavaScript warning: , line 0: WebGL warning: texSubImage: Texture has not been initialized prior to a partial upload, forcing the browser to clear it. This may be slow.
JavaScript warning: , line 0: WebGL warning: texSubImage: Tex image TEXTURE_2D level 0 is incurring lazy initialization.
JavaScript warning: , line 0: WebGL warning: texSubImage: Texture has not been initialized prior to a partial upload, forcing the browser to clear it. This may be slow.
JavaScript warning: , line 0: WebGL warning: texSubImage: Tex image TEXTURE_2D level 0 is incurring lazy initialization.
1712947461708	Marionette	INFO	Stopped listening on port 64643
JavaScript warning: , line 0: WebGL warning: drawArraysInstanced: Tex image TEXTURE_2D level 0 is incurring lazy initialization.
Dynamically enable window occlusion 1
1712947520298	geckodriver	INFO	Listening on 127.0.0.1:64737
1712947523364	mozrunner::runner	INFO	Running command: "C:\\Program Files\\Mozilla Firefox\\firefox.exe" "--marionette" "--remote-debugging-port" "64738" "--remote-allow-hosts" "localhost" "-no-remote" "-profile" "C:\\Users\\swaru\\AppData\\Local\\Temp\\rust_mozprofilegcDWvH"
console.warn: services.settings: Ignoring preference override of remote settings server
console.warn: services.settings: Allow by setting MOZ_REMOTE_SETTINGS_DEVTOOLS=1 in the environment
1712947523767	Marionette	INFO	Marionette enabled
Dynamically enable window occlusion 0
1712947523896	Marionette	INFO	Listening on port 64747
WebDriver BiDi listening on ws://127.0.0.1:64738
Read port: 64747
1712947524182	RemoteAgent	WARN	TLS certificate errors will be ignored for this session
DevTools listening on ws://127.0.0.1:64738/devtools/browser/89b3f980-f439-419c-8cad-046d25ff14f3
JavaScript warning: https://www.google.com/maps/_/js/k=maps.m.en._PR807uv0XY.2019.O/m=sc2,per,mo,lp,ep,ti,ds,stx,dwi,enr,pwd,dw,plm,log,b/am=JgCjAQg/rt=j/d=1/rs=ACT90oGzBgDIBnEo26goDYZ_6r2OXUwhpA?wli=m.0ORhXY8LodI.loadSv.O%3A%3Bm.23uKk1DnVes.mapcore.O%3A%3B, line 2419: WEBGL_debug_renderer_info is deprecated in Firefox and will be removed. Please use RENDERER.
JavaScript warning: , line 0: WebGL warning: texSubImage: Texture has not been initialized prior to a partial upload, forcing the browser to clear it. This may be slow.
JavaScript warning: , line 0: WebGL warning: texSubImage: Tex image TEXTURE_2D level 0 is incurring lazy initialization.
JavaScript warning: , line 0: WebGL warning: texSubImage: Texture has not been initialized prior to a partial upload, forcing the browser to clear it. This may be slow.
JavaScript warning: , line 0: WebGL warning: texSubImage: Tex image TEXTURE_2D level 0 is incurring lazy initialization.
1712947529813	Marionette	INFO	Stopped listening on port 64747
JavaScript warning: https://www.google.com/maps/_/js/k=maps.m.en._PR807uv0XY.2019.O/ck=maps.m.ywZqsa02NtQ.L.F4.O/m=vwr,vd,a,nrw,owc,ob,sp,en,smi,sc,vlg,smr,as,wrc,std/am=JgCjAQg/rt=j/d=1/rs=ACT90oFwwNNIjtp4oqBqS7RNSxjcECBafQ/ed=1/exm=sc2,per,mo,lp,ep,ti,ds,stx,dwi,enr,pwd,dw,plm,log,b, line 721: Script terminated by timeout at:
va@https://www.google.com/maps/_/js/k=maps.m.en._PR807uv0XY.2019.O/ck=maps.m.ywZqsa02NtQ.L.F4.O/m=vwr,vd,a,nrw,owc,ob,sp,en,smi,sc,vlg,smr,as,wrc,std/am=JgCjAQg/rt=j/d=1/rs=ACT90oFwwNNIjtp4oqBqS7RNSxjcECBafQ/ed=1/exm=sc2,per,mo,lp,ep,ti,ds,stx,dwi,enr,pwd,dw,plm,log,b:721:527
wa@https://www.google.com/maps/_/js/k=maps.m.en._PR807uv0XY.2019.O/ck=maps.m.ywZqsa02NtQ.L.F4.O/m=vwr,vd,a,nrw,owc,ob,sp,en,smi,sc,vlg,smr,as,wrc,std/am=JgCjAQg/rt=j/d=1/rs=ACT90oFwwNNIjtp4oqBqS7RNSxjcECBafQ/ed=1/exm=sc2,per,mo,lp,ep,ti,ds,stx,dwi,enr,pwd,dw,plm,log,b:721:512
allocate@https://www.google.com/maps/_/js/k=maps.m.en._PR807uv0XY.2019.O/ck=maps.m.ywZqsa02NtQ.L.F4.O/m=vwr,vd,a,nrw,owc,ob,sp,en,smi,sc,vlg,smr,as,wrc,std/am=JgCjAQg/rt=j/d=1/rs=ACT90oFwwNNIjtp4oqBqS7RNSxjcECBafQ/ed=1/exm=sc2,per,mo,lp,ep,ti,ds,stx,dwi,enr,pwd,dw,plm,log,b:586:700
update@https://www.google.com/maps/_/js/k=maps.m.en._PR807uv0XY.2019.O/ck=maps.m.ywZqsa02NtQ.L.F4.O/m=vwr,vd,a,nrw,owc,ob,sp,en,smi,sc,vlg,smr,as,wrc,std/am=JgCjAQg/rt=j/d=1/rs=ACT90oFwwNNIjtp4oqBqS7RNSxjcECBafQ/ed=1/exm=sc2,per,mo,lp,ep,ti,ds,stx,dwi,enr,pwd,dw,plm,log,b:587:412
yb@https://www.google.com/maps/_/js/k=maps.m.en._PR807uv0XY.2019.O/ck=maps.m.ywZqsa02NtQ.L.F4.O/m=vwr,vd,a,nrw,owc,ob,sp,en,smi,sc,vlg,smr,as,wrc,std/am=JgCjAQg/rt=j/d=1/rs=ACT90oFwwNNIjtp4oqBqS7RNSxjcECBafQ/ed=1/exm=sc2,per,mo,lp,ep,ti,ds,stx,dwi,enr,pwd,dw,plm,log,b:726:405
V@https://www.google.com/maps/_/js/k=maps.m.en._PR807uv0XY.2019.O/ck=maps.m.ywZqsa02NtQ.L.F4.O/m=vwr,vd,a,nrw,owc,ob,sp,en,smi,sc,vlg,smr,as,wrc,std/am=JgCjAQg/rt=j/d=1/rs=ACT90oFwwNNIjtp4oqBqS7RNSxjcECBafQ/ed=1/exm=sc2,per,mo,lp,ep,ti,ds,stx,dwi,enr,pwd,dw,plm,log,b:724:206
cih@https://www.google.com/maps/_/js/k=maps.m.en._PR807uv0XY.2019.O/ck=maps.m.ywZqsa02NtQ.L.F4.O/m=vwr,vd,a,nrw,owc,ob,sp,en,smi,sc,vlg,smr,as,wrc,std/am=JgCjAQg/rt=j/d=1/rs=ACT90oFwwNNIjtp4oqBqS7RNSxjcECBafQ/ed=1/exm=sc2,per,mo,lp,ep,ti,ds,stx,dwi,enr,pwd,dw,plm,log,b:306:92
next@https://www.google.com/maps/_/js/k=maps.m.en._PR807uv0XY.2019.O/ck=maps.m.ywZqsa02NtQ.L.F4.O/m=vwr,vd,a,nrw,owc,ob,sp,en,smi,sc,vlg,smr,as,wrc,std/am=JgCjAQg/rt=j/d=1/rs=ACT90oFwwNNIjtp4oqBqS7RNSxjcECBafQ/ed=1/exm=sc2,per,mo,lp,ep,ti,ds,stx,dwi,enr,pwd,dw,plm,log,b:305:392
c@https://www.google.com/maps/_/js/k=maps.m.en._PR807uv0XY.2019.O/m=sc2,per,mo,lp,ep,ti,ds,stx,dwi,enr,pwd,dw,plm,log,b/am=JgCjAQg/rt=j/d=1/rs=ACT90oGzBgDIBnEo26goDYZ_6r2OXUwhpA?wli=m.0ORhXY8LodI.loadSv.O%3A%3Bm.23uKk1DnVes.mapcore.O%3A%3B:851:278
Ur@https://www.google.com/maps/_/js/k=maps.m.en._PR807uv0XY.2019.O/m=sc2,per,mo,lp,ep,ti,ds,stx,dwi,enr,pwd,dw,plm,log,b/am=JgCjAQg/rt=j/d=1/rs=ACT90oGzBgDIBnEo26goDYZ_6r2OXUwhpA?wli=m.0ORhXY8LodI.loadSv.O%3A%3Bm.23uKk1DnVes.mapcore.O%3A%3B:848:134
FWa@https://www.google.com/maps/_/js/k=maps.m.en._PR807uv0XY.2019.O/m=sc2,per,mo,lp,ep,ti,ds,stx,dwi,enr,pwd,dw,plm,log,b/am=JgCjAQg/rt=j/d=1/rs=ACT90oGzBgDIBnEo26goDYZ_6r2OXUwhpA?wli=m.0ORhXY8LodI.loadSv.O%3A%3Bm.23uKk1DnVes.mapcore.O%3A%3B:852:593
lxa@https://www.google.com/maps/_/js/k=maps.m.en._PR807uv0XY.2019.O/m=sc2,per,mo,lp,ep,ti,ds,stx,dwi,enr,pwd,dw,plm,log,b/am=JgCjAQg/rt=j/d=1/rs=ACT90oGzBgDIBnEo26goDYZ_6r2OXUwhpA?wli=m.0ORhXY8LodI.loadSv.O%3A%3Bm.23uKk1DnVes.mapcore.O%3A%3B:854:286
c@https://www.google.com/maps/_/js/k=maps.m.en._PR807uv0XY.2019.O/ck=maps.m.ywZqsa02NtQ.L.F4.O/m=vwr,vd,a,nrw,owc,ob,sp,en,smi,sc,vlg,smr,as,wrc,std/am=JgCjAQg/rt=j/d=1/rs=ACT90oFwwNNIjtp4oqBqS7RNSxjcECBafQ/ed=1/exm=sc2,per,mo,lp,ep,ti,ds,stx,dwi,enr,pwd,dw,plm,log,b:1533:256
this.Na@https://www.google.com/maps/_/js/k=maps.m.en._PR807uv0XY.2019.O/m=sc2,per,mo,lp,ep,ti,ds,stx,dwi,enr,pwd,dw,plm,log,b/am=JgCjAQg/rt=j/d=1/rs=ACT90oGzBgDIBnEo26goDYZ_6r2OXUwhpA?wli=m.0ORhXY8LodI.loadSv.O%3A%3Bm.23uKk1DnVes.mapcore.O%3A%3B:853:137
c@https://www.google.com/maps/_/js/k=maps.m.en._PR807uv0XY.2019.O/ck=maps.m.ywZqsa02NtQ.L.F4.O/m=vwr,vd,a,nrw,owc,ob,sp,en,smi,sc,vlg,smr,as,wrc,std/am=JgCjAQg/rt=j/d=1/rs=ACT90oFwwNNIjtp4oqBqS7RNSxjcECBafQ/ed=1/exm=sc2,per,mo,lp,ep,ti,ds,stx,dwi,enr,pwd,dw,plm,log,b:1533:256
_.hm.tkb/b.port1.onmessage@https://www.google.com/maps/_/js/k=maps.m.en._PR807uv0XY.2019.O/m=sc2,per,mo,lp,ep,ti,ds,stx,dwi,enr,pwd,dw,plm,log,b/am=JgCjAQg/rt=j/d=1/rs=ACT90oGzBgDIBnEo26goDYZ_6r2OXUwhpA?wli=m.0ORhXY8LodI.loadSv.O%3A%3Bm.23uKk1DnVes.mapcore.O%3A%3B:383:250

Dynamically enable window occlusion 1
1712947718967	geckodriver	INFO	Listening on 127.0.0.1:65010
1712947722028	mozrunner::runner	INFO	Running command: "C:\\Program Files\\Mozilla Firefox\\firefox.exe" "--marionette" "--remote-debugging-port" "65011" "--remote-allow-hosts" "localhost" "-no-remote" "-profile" "C:\\Users\\swaru\\AppData\\Local\\Temp\\rust_mozprofileAROoPv"
console.warn: services.settings: Ignoring preference override of remote settings server
console.warn: services.settings: Allow by setting MOZ_REMOTE_SETTINGS_DEVTOOLS=1 in the environment
1712947722475	Marionette	INFO	Marionette enabled
Dynamically enable window occlusion 0
1712947722575	Marionette	INFO	Listening on port 65020
WebDriver BiDi listening on ws://127.0.0.1:65011
Read port: 65020
1712947722781	RemoteAgent	WARN	TLS certificate errors will be ignored for this session
DevTools listening on ws://127.0.0.1:65011/devtools/browser/fd591353-b194-4b39-9b41-ac7c45243183
JavaScript warning: https://www.google.com/maps/_/js/k=maps.m.en._PR807uv0XY.2019.O/m=sc2,per,mo,lp,ep,ti,ds,stx,dwi,enr,pwd,dw,plm,log,b/am=JgCjAQg/rt=j/d=1/rs=ACT90oGzBgDIBnEo26goDYZ_6r2OXUwhpA?wli=m.0ORhXY8LodI.loadSv.O%3A%3Bm.23uKk1DnVes.mapcore.O%3A%3B, line 2419: WEBGL_debug_renderer_info is deprecated in Firefox and will be removed. Please use RENDERER.
JavaScript warning: , line 0: WebGL warning: texSubImage: Texture has not been initialized prior to a partial upload, forcing the browser to clear it. This may be slow.
JavaScript warning: , line 0: WebGL warning: texSubImage: Tex image TEXTURE_2D level 0 is incurring lazy initialization.
JavaScript warning: , line 0: WebGL warning: texSubImage: Texture has not been initialized prior to a partial upload, forcing the browser to clear it. This may be slow.
JavaScript warning: , line 0: WebGL warning: texSubImage: Tex image TEXTURE_2D level 0 is incurring lazy initialization.
1712947728875	Marionette	INFO	Stopped listening on port 65020
JavaScript warning: , line 0: WebGL warning: drawArraysInstanced: Tex image TEXTURE_2D level 0 is incurring lazy initialization.
JavaScript warning: https://www.google.com/maps/_/js/k=maps.m.en._PR807uv0XY.2019.O/m=sc2,per,mo,lp,ep,ti,ds,stx,dwi,enr,pwd,dw,plm,log,b/am=JgCjAQg/rt=j/d=1/rs=ACT90oGzBgDIBnEo26goDYZ_6r2OXUwhpA?wli=m.0ORhXY8LodI.loadSv.O%3A%3Bm.23uKk1DnVes.mapcore.O%3A%3B, line 383: Script terminated by timeout at:
_.hm.tkb/b.port1.onmessage@https://www.google.com/maps/_/js/k=maps.m.en._PR807uv0XY.2019.O/m=sc2,per,mo,lp,ep,ti,ds,stx,dwi,enr,pwd,dw,plm,log,b/am=JgCjAQg/rt=j/d=1/rs=ACT90oGzBgDIBnEo26goDYZ_6r2OXUwhpA?wli=m.0ORhXY8LodI.loadSv.O%3A%3Bm.23uKk1DnVes.mapcore.O%3A%3B:383:203

Dynamically enable window occlusion 1
1712948142053	geckodriver	INFO	Listening on 127.0.0.1:65334
1712948145139	mozrunner::runner	INFO	Running command: "C:\\Program Files\\Mozilla Firefox\\firefox.exe" "--marionette" "--remote-debugging-port" "65335" "--remote-allow-hosts" "localhost" "-no-remote" "-profile" "C:\\Users\\swaru\\AppData\\Local\\Temp\\rust_mozprofileMHkQCk"
console.warn: services.settings: Ignoring preference override of remote settings server
console.warn: services.settings: Allow by setting MOZ_REMOTE_SETTINGS_DEVTOOLS=1 in the environment
1712948145643	Marionette	INFO	Marionette enabled
Dynamically enable window occlusion 0
1712948145745	Marionette	INFO	Listening on port 65344
WebDriver BiDi listening on ws://127.0.0.1:65335
Read port: 65344
1712948145971	RemoteAgent	WARN	TLS certificate errors will be ignored for this session
DevTools listening on ws://127.0.0.1:65335/devtools/browser/822ce6b6-8959-44b2-8f5f-bea2fc7c2a2c
JavaScript warning: https://www.google.com/maps/_/js/k=maps.m.en._PR807uv0XY.2019.O/m=sc2,per,mo,lp,ep,ti,ds,stx,dwi,enr,pwd,dw,plm,log,b/am=JgCjAQg/rt=j/d=1/rs=ACT90oGzBgDIBnEo26goDYZ_6r2OXUwhpA?wli=m.0ORhXY8LodI.loadSv.O%3A%3Bm.23uKk1DnVes.mapcore.O%3A%3B, line 2419: WEBGL_debug_renderer_info is deprecated in Firefox and will be removed. Please use RENDERER.
JavaScript warning: , line 0: WebGL warning: texSubImage: Texture has not been initialized prior to a partial upload, forcing the browser to clear it. This may be slow.
JavaScript warning: , line 0: WebGL warning: texSubImage: Tex image TEXTURE_2D level 0 is incurring lazy initialization.
JavaScript warning: , line 0: WebGL warning: texSubImage: Texture has not been initialized prior to a partial upload, forcing the browser to clear it. This may be slow.
JavaScript warning: , line 0: WebGL warning: texSubImage: Tex image TEXTURE_2D level 0 is incurring lazy initialization.
JavaScript warning: , line 0: WebGL warning: drawArraysInstanced: Tex image TEXTURE_2D level 0 is incurring lazy initialization.
1712948152501	Marionette	INFO	Stopped listening on port 65344
JavaScript warning: https://www.google.com/maps/_/js/k=maps.m.en._PR807uv0XY.2019.O/ck=maps.m.ywZqsa02NtQ.L.F4.O/m=vwr,vd,a,nrw,owc,ob,sp,en,smi,sc,vlg,smr,as,wrc,std/am=JgCjAQg/rt=j/d=1/rs=ACT90oFwwNNIjtp4oqBqS7RNSxjcECBafQ/ed=1/exm=sc2,per,mo,lp,ep,ti,ds,stx,dwi,enr,pwd,dw,plm,log,b, line 536: Script terminated by timeout at:
luh@https://www.google.com/maps/_/js/k=maps.m.en._PR807uv0XY.2019.O/ck=maps.m.ywZqsa02NtQ.L.F4.O/m=vwr,vd,a,nrw,owc,ob,sp,en,smi,sc,vlg,smr,as,wrc,std/am=JgCjAQg/rt=j/d=1/rs=ACT90oFwwNNIjtp4oqBqS7RNSxjcECBafQ/ed=1/exm=sc2,per,mo,lp,ep,ti,ds,stx,dwi,enr,pwd,dw,plm,log,b:536:433
muh@https://www.google.com/maps/_/js/k=maps.m.en._PR807uv0XY.2019.O/ck=maps.m.ywZqsa02NtQ.L.F4.O/m=vwr,vd,a,nrw,owc,ob,sp,en,smi,sc,vlg,smr,as,wrc,std/am=JgCjAQg/rt=j/d=1/rs=ACT90oFwwNNIjtp4oqBqS7RNSxjcECBafQ/ed=1/exm=sc2,per,mo,lp,ep,ti,ds,stx,dwi,enr,pwd,dw,plm,log,b:531:477
allocate@https://www.google.com/maps/_/js/k=maps.m.en._PR807uv0XY.2019.O/ck=maps.m.ywZqsa02NtQ.L.F4.O/m=vwr,vd,a,nrw,owc,ob,sp,en,smi,sc,vlg,smr,as,wrc,std/am=JgCjAQg/rt=j/d=1/rs=ACT90oFwwNNIjtp4oqBqS7RNSxjcECBafQ/ed=1/exm=sc2,per,mo,lp,ep,ti,ds,stx,dwi,enr,pwd,dw,plm,log,b:616:264
_.$vh@https://www.google.com/maps/_/js/k=maps.m.en._PR807uv0XY.2019.O/ck=maps.m.ywZqsa02NtQ.L.F4.O/m=vwr,vd,a,nrw,owc,ob,sp,en,smi,sc,vlg,smr,as,wrc,std/am=JgCjAQg/rt=j/d=1/rs=ACT90oFwwNNIjtp4oqBqS7RNSxjcECBafQ/ed=1/exm=sc2,per,mo,lp,ep,ti,ds,stx,dwi,enr,pwd,dw,plm,log,b:614:756
oBh/f</<@https://www.google.com/maps/_/js/k=maps.m.en._PR807uv0XY.2019.O/ck=maps.m.ywZqsa02NtQ.L.F4.O/m=vwr,vd,a,nrw,owc,ob,sp,en,smi,sc,vlg,smr,as,wrc,std/am=JgCjAQg/rt=j/d=1/rs=ACT90oFwwNNIjtp4oqBqS7RNSxjcECBafQ/ed=1/exm=sc2,per,mo,lp,ep,ti,ds,stx,dwi,enr,pwd,dw,plm,log,b:775:18
nBh/<@https://www.google.com/maps/_/js/k=maps.m.en._PR807uv0XY.2019.O/ck=maps.m.ywZqsa02NtQ.L.F4.O/m=vwr,vd,a,nrw,owc,ob,sp,en,smi,sc,vlg,smr,as,wrc,std/am=JgCjAQg/rt=j/d=1/rs=ACT90oFwwNNIjtp4oqBqS7RNSxjcECBafQ/ed=1/exm=sc2,per,mo,lp,ep,ti,ds,stx,dwi,enr,pwd,dw,plm,log,b:774:75
ohh@https://www.google.com/maps/_/js/k=maps.m.en._PR807uv0XY.2019.O/ck=maps.m.ywZqsa02NtQ.L.F4.O/m=vwr,vd,a,nrw,owc,ob,sp,en,smi,sc,vlg,smr,as,wrc,std/am=JgCjAQg/rt=j/d=1/rs=ACT90oFwwNNIjtp4oqBqS7RNSxjcECBafQ/ed=1/exm=sc2,per,mo,lp,ep,ti,ds,stx,dwi,enr,pwd,dw,plm,log,b:285:218
e@https://www.google.com/maps/_/js/k=maps.m.en._PR807uv0XY.2019.O/ck=maps.m.ywZqsa02NtQ.L.F4.O/m=vwr,vd,a,nrw,owc,ob,sp,en,smi,sc,vlg,smr,as,wrc,std/am=JgCjAQg/rt=j/d=1/rs=ACT90oFwwNNIjtp4oqBqS7RNSxjcECBafQ/ed=1/exm=sc2,per,mo,lp,ep,ti,ds,stx,dwi,enr,pwd,dw,plm,log,b:286:259
l@https://www.google.com/maps/_/js/k=maps.m.en._PR807uv0XY.2019.O/m=sc2,per,mo,lp,ep,ti,ds,stx,dwi,enr,pwd,dw,plm,log,b/am=JgCjAQg/rt=j/d=1/rs=ACT90oGzBgDIBnEo26goDYZ_6r2OXUwhpA?wli=m.0ORhXY8LodI.loadSv.O%3A%3Bm.23uKk1DnVes.mapcore.O%3A%3B:2331:260

Dynamically enable window occlusion 1
1712948582161	geckodriver	INFO	Listening on 127.0.0.1:49272
1712948585190	mozrunner::runner	INFO	Running command: "C:\\Program Files\\Mozilla Firefox\\firefox.exe" "--marionette" "--remote-debugging-port" "49273" "--remote-allow-hosts" "localhost" "-no-remote" "-profile" "C:\\Users\\swaru\\AppData\\Local\\Temp\\rust_mozprofilenzMRry"
console.warn: services.settings: Ignoring preference override of remote settings server
console.warn: services.settings: Allow by setting MOZ_REMOTE_SETTINGS_DEVTOOLS=1 in the environment
1712948585686	Marionette	INFO	Marionette enabled
Dynamically enable window occlusion 0
1712948585779	Marionette	INFO	Listening on port 49283
WebDriver BiDi listening on ws://127.0.0.1:49273
Read port: 49283
1712948585955	RemoteAgent	WARN	TLS certificate errors will be ignored for this session
DevTools listening on ws://127.0.0.1:49273/devtools/browser/db37fc24-477a-4890-bc2f-1ba1af9b0a3c
JavaScript warning: https://www.google.com/maps/_/js/k=maps.m.en._PR807uv0XY.2019.O/m=sc2,per,mo,lp,ep,ti,ds,stx,dwi,enr,pwd,dw,plm,log,b/am=JgCjAQg/rt=j/d=1/rs=ACT90oGzBgDIBnEo26goDYZ_6r2OXUwhpA?wli=m.0ORhXY8LodI.loadSv.O%3A%3Bm.23uKk1DnVes.mapcore.O%3A%3B, line 2419: WEBGL_debug_renderer_info is deprecated in Firefox and will be removed. Please use RENDERER.
JavaScript warning: , line 0: WebGL warning: texSubImage: Texture has not been initialized prior to a partial upload, forcing the browser to clear it. This may be slow.
JavaScript warning: , line 0: WebGL warning: texSubImage: Tex image TEXTURE_2D level 0 is incurring lazy initialization.
JavaScript warning: , line 0: WebGL warning: texSubImage: Texture has not been initialized prior to a partial upload, forcing the browser to clear it. This may be slow.
JavaScript warning: , line 0: WebGL warning: texSubImage: Tex image TEXTURE_2D level 0 is incurring lazy initialization.
JavaScript warning: , line 0: WebGL warning: drawArraysInstanced: Tex image TEXTURE_2D level 0 is incurring lazy initialization.
1712948592330	Marionette	INFO	Stopped listening on port 49283
JavaScript warning: https://www.google.com/maps/_/js/k=maps.m.en._PR807uv0XY.2019.O/ck=maps.m.ywZqsa02NtQ.L.F4.O/m=vwr,vd,a,nrw,owc,ob,sp,en,smi,sc,vlg,smr,as,wrc,std/am=JgCjAQg/rt=j/d=1/rs=ACT90oFwwNNIjtp4oqBqS7RNSxjcECBafQ/ed=1/exm=sc2,per,mo,lp,ep,ti,ds,stx,dwi,enr,pwd,dw,plm,log,b, line 659: Script terminated by timeout at:
bind@https://www.google.com/maps/_/js/k=maps.m.en._PR807uv0XY.2019.O/ck=maps.m.ywZqsa02NtQ.L.F4.O/m=vwr,vd,a,nrw,owc,ob,sp,en,smi,sc,vlg,smr,as,wrc,std/am=JgCjAQg/rt=j/d=1/rs=ACT90oFwwNNIjtp4oqBqS7RNSxjcECBafQ/ed=1/exm=sc2,per,mo,lp,ep,ti,ds,stx,dwi,enr,pwd,dw,plm,log,b:659:231
bxh@https://www.google.com/maps/_/js/k=maps.m.en._PR807uv0XY.2019.O/ck=maps.m.ywZqsa02NtQ.L.F4.O/m=vwr,vd,a,nrw,owc,ob,sp,en,smi,sc,vlg,smr,as,wrc,std/am=JgCjAQg/rt=j/d=1/rs=ACT90oFwwNNIjtp4oqBqS7RNSxjcECBafQ/ed=1/exm=sc2,per,mo,lp,ep,ti,ds,stx,dwi,enr,pwd,dw,plm,log,b:659:519
V@https://www.google.com/maps/_/js/k=maps.m.en._PR807uv0XY.2019.O/ck=maps.m.ywZqsa02NtQ.L.F4.O/m=vwr,vd,a,nrw,owc,ob,sp,en,smi,sc,vlg,smr,as,wrc,std/am=JgCjAQg/rt=j/d=1/rs=ACT90oFwwNNIjtp4oqBqS7RNSxjcECBafQ/ed=1/exm=sc2,per,mo,lp,ep,ti,ds,stx,dwi,enr,pwd,dw,plm,log,b:738:449
Xa@https://www.google.com/maps/_/js/k=maps.m.en._PR807uv0XY.2019.O/ck=maps.m.ywZqsa02NtQ.L.F4.O/m=vwr,vd,a,nrw,owc,ob,sp,en,smi,sc,vlg,smr,as,wrc,std/am=JgCjAQg/rt=j/d=1/rs=ACT90oFwwNNIjtp4oqBqS7RNSxjcECBafQ/ed=1/exm=sc2,per,mo,lp,ep,ti,ds,stx,dwi,enr,pwd,dw,plm,log,b:341:154
Xa@https://www.google.com/maps/_/js/k=maps.m.en._PR807uv0XY.2019.O/ck=maps.m.ywZqsa02NtQ.L.F4.O/m=vwr,vd,a,nrw,owc,ob,sp,en,smi,sc,vlg,smr,as,wrc,std/am=JgCjAQg/rt=j/d=1/rs=ACT90oFwwNNIjtp4oqBqS7RNSxjcECBafQ/ed=1/exm=sc2,per,mo,lp,ep,ti,ds,stx,dwi,enr,pwd,dw,plm,log,b:368:262
render@https://www.google.com/maps/_/js/k=maps.m.en._PR807uv0XY.2019.O/ck=maps.m.ywZqsa02NtQ.L.F4.O/m=vwr,vd,a,nrw,owc,ob,sp,en,smi,sc,vlg,smr,as,wrc,std/am=JgCjAQg/rt=j/d=1/rs=ACT90oFwwNNIjtp4oqBqS7RNSxjcECBafQ/ed=1/exm=sc2,per,mo,lp,ep,ti,ds,stx,dwi,enr,pwd,dw,plm,log,b:1132:331
render@https://www.google.com/maps/_/js/k=maps.m.en._PR807uv0XY.2019.O/ck=maps.m.ywZqsa02NtQ.L.F4.O/m=vwr,vd,a,nrw,owc,ob,sp,en,smi,sc,vlg,smr,as,wrc,std/am=JgCjAQg/rt=j/d=1/rs=ACT90oFwwNNIjtp4oqBqS7RNSxjcECBafQ/ed=1/exm=sc2,per,mo,lp,ep,ti,ds,stx,dwi,enr,pwd,dw,plm,log,b:1131:307
Xq/c<@https://www.google.com/maps/_/js/k=maps.m.en._PR807uv0XY.2019.O/m=sc2,per,mo,lp,ep,ti,ds,stx,dwi,enr,pwd,dw,plm,log,b/am=JgCjAQg/rt=j/d=1/rs=ACT90oGzBgDIBnEo26goDYZ_6r2OXUwhpA?wli=m.0ORhXY8LodI.loadSv.O%3A%3Bm.23uKk1DnVes.mapcore.O%3A%3B:850:366
rWa@https://www.google.com/maps/_/js/k=maps.m.en._PR807uv0XY.2019.O/m=sc2,per,mo,lp,ep,ti,ds,stx,dwi,enr,pwd,dw,plm,log,b/am=JgCjAQg/rt=j/d=1/rs=ACT90oGzBgDIBnEo26goDYZ_6r2OXUwhpA?wli=m.0ORhXY8LodI.loadSv.O%3A%3Bm.23uKk1DnVes.mapcore.O%3A%3B:846:1855
sWa@https://www.google.com/maps/_/js/k=maps.m.en._PR807uv0XY.2019.O/m=sc2,per,mo,lp,ep,ti,ds,stx,dwi,enr,pwd,dw,plm,log,b/am=JgCjAQg/rt=j/d=1/rs=ACT90oGzBgDIBnEo26goDYZ_6r2OXUwhpA?wli=m.0ORhXY8LodI.loadSv.O%3A%3Bm.23uKk1DnVes.mapcore.O%3A%3B:847:100
jxa@https://www.google.com/maps/_/js/k=maps.m.en._PR807uv0XY.2019.O/m=sc2,per,mo,lp,ep,ti,ds,stx,dwi,enr,pwd,dw,plm,log,b/am=JgCjAQg/rt=j/d=1/rs=ACT90oGzBgDIBnEo26goDYZ_6r2OXUwhpA?wli=m.0ORhXY8LodI.loadSv.O%3A%3Bm.23uKk1DnVes.mapcore.O%3A%3B:854:398
c@https://www.google.com/maps/_/js/k=maps.m.en._PR807uv0XY.2019.O/ck=maps.m.ywZqsa02NtQ.L.F4.O/m=vwr,vd,a,nrw,owc,ob,sp,en,smi,sc,vlg,smr,as,wrc,std/am=JgCjAQg/rt=j/d=1/rs=ACT90oFwwNNIjtp4oqBqS7RNSxjcECBafQ/ed=1/exm=sc2,per,mo,lp,ep,ti,ds,stx,dwi,enr,pwd,dw,plm,log,b:1533:256
this.wa@https://www.google.com/maps/_/js/k=maps.m.en._PR807uv0XY.2019.O/m=sc2,per,mo,lp,ep,ti,ds,stx,dwi,enr,pwd,dw,plm,log,b/am=JgCjAQg/rt=j/d=1/rs=ACT90oGzBgDIBnEo26goDYZ_6r2OXUwhpA?wli=m.0ORhXY8LodI.loadSv.O%3A%3Bm.23uKk1DnVes.mapcore.O%3A%3B:853:172

JavaScript warning: , line 0: WebGL warning: tex(Sub)Image[23]D: Resource has no data (yet?). Uploading zeros.
JavaScript warning: , line 0: WebGL warning: texSubImage: `source` cannot be null.
JavaScript warning: , line 0: WebGL warning: tex(Sub)Image[23]D: Resource has no data (yet?). Uploading zeros.
JavaScript warning: , line 0: WebGL warning: texSubImage: `source` cannot be null.
JavaScript warning: , line 0: WebGL warning: tex(Sub)Image[23]D: Resource has no data (yet?). Uploading zeros.
JavaScript warning: , line 0: WebGL warning: texSubImage: `source` cannot be null.
JavaScript warning: , line 0: WebGL warning: tex(Sub)Image[23]D: Resource has no data (yet?). Uploading zeros.
JavaScript warning: , line 0: WebGL warning: texSubImage: `source` cannot be null.
JavaScript warning: , line 0: WebGL warning: tex(Sub)Image[23]D: Resource has no data (yet?). Uploading zeros.
JavaScript warning: , line 0: WebGL warning: texSubImage: `source` cannot be null.
JavaScript warning: , line 0: WebGL warning: texSubImage: Texture has not been initialized prior to a partial upload, forcing the browser to clear it. This may be slow.
JavaScript warning: , line 0: WebGL warning: texSubImage: Tex image TEXTURE_2D level 0 is incurring lazy initialization.
Dynamically enable window occlusion 1
1712948798385	geckodriver	INFO	Listening on 127.0.0.1:49812
1712948801420	mozrunner::runner	INFO	Running command: "C:\\Program Files\\Mozilla Firefox\\firefox.exe" "--marionette" "--remote-debugging-port" "49813" "--remote-allow-hosts" "localhost" "-no-remote" "-profile" "C:\\Users\\swaru\\AppData\\Local\\Temp\\rust_mozprofileHiO4Qh"
console.warn: services.settings: Ignoring preference override of remote settings server
console.warn: services.settings: Allow by setting MOZ_REMOTE_SETTINGS_DEVTOOLS=1 in the environment
1712948801883	Marionette	INFO	Marionette enabled
Dynamically enable window occlusion 0
1712948801981	Marionette	INFO	Listening on port 49824
WebDriver BiDi listening on ws://127.0.0.1:49813
Read port: 49824
1712948802198	RemoteAgent	WARN	TLS certificate errors will be ignored for this session
DevTools listening on ws://127.0.0.1:49813/devtools/browser/94504aaa-dcc5-4dfc-9526-2481b61423cc
JavaScript warning: https://www.google.com/maps/_/js/k=maps.m.en._PR807uv0XY.2019.O/m=sc2,per,mo,lp,ep,ti,ds,stx,dwi,enr,pwd,dw,plm,log,b/am=JgCjAQg/rt=j/d=1/rs=ACT90oGzBgDIBnEo26goDYZ_6r2OXUwhpA?wli=m.0ORhXY8LodI.loadSv.O%3A%3Bm.23uKk1DnVes.mapcore.O%3A%3B, line 2419: WEBGL_debug_renderer_info is deprecated in Firefox and will be removed. Please use RENDERER.
JavaScript warning: , line 0: WebGL warning: texSubImage: Texture has not been initialized prior to a partial upload, forcing the browser to clear it. This may be slow.
JavaScript warning: , line 0: WebGL warning: texSubImage: Tex image TEXTURE_2D level 0 is incurring lazy initialization.
JavaScript warning: , line 0: WebGL warning: texSubImage: Texture has not been initialized prior to a partial upload, forcing the browser to clear it. This may be slow.
JavaScript warning: , line 0: WebGL warning: texSubImage: Tex image TEXTURE_2D level 0 is incurring lazy initialization.
JavaScript warning: , line 0: WebGL warning: drawArraysInstanced: Tex image TEXTURE_2D level 0 is incurring lazy initialization.
JavaScript warning: , line 0: WebGL warning: texSubImage: Texture has not been initialized prior to a partial upload, forcing the browser to clear it. This may be slow.
JavaScript warning: , line 0: WebGL warning: texSubImage: Tex image TEXTURE_2D level 0 is incurring lazy initialization.
1712948808894	Marionette	INFO	Stopped listening on port 49824
JavaScript warning: https://www.google.com/maps/_/js/k=maps.m.en._PR807uv0XY.2019.O/ck=maps.m.ywZqsa02NtQ.L.F4.O/m=vwr,vd,a,nrw,owc,ob,sp,en,smi,sc,vlg,smr,as,wrc,std/am=JgCjAQg/rt=j/d=1/rs=ACT90oFwwNNIjtp4oqBqS7RNSxjcECBafQ/ed=1/exm=sc2,per,mo,lp,ep,ti,ds,stx,dwi,enr,pwd,dw,plm,log,b, line 254: Script terminated by timeout at:
_.Kfh@https://www.google.com/maps/_/js/k=maps.m.en._PR807uv0XY.2019.O/ck=maps.m.ywZqsa02NtQ.L.F4.O/m=vwr,vd,a,nrw,owc,ob,sp,en,smi,sc,vlg,smr,as,wrc,std/am=JgCjAQg/rt=j/d=1/rs=ACT90oFwwNNIjtp4oqBqS7RNSxjcECBafQ/ed=1/exm=sc2,per,mo,lp,ep,ti,ds,stx,dwi,enr,pwd,dw,plm,log,b:254:272
_.gth@https://www.google.com/maps/_/js/k=maps.m.en._PR807uv0XY.2019.O/ck=maps.m.ywZqsa02NtQ.L.F4.O/m=vwr,vd,a,nrw,owc,ob,sp,en,smi,sc,vlg,smr,as,wrc,std/am=JgCjAQg/rt=j/d=1/rs=ACT90oFwwNNIjtp4oqBqS7RNSxjcECBafQ/ed=1/exm=sc2,per,mo,lp,ep,ti,ds,stx,dwi,enr,pwd,dw,plm,log,b:510:70
azh@https://www.google.com/maps/_/js/k=maps.m.en._PR807uv0XY.2019.O/ck=maps.m.ywZqsa02NtQ.L.F4.O/m=vwr,vd,a,nrw,owc,ob,sp,en,smi,sc,vlg,smr,as,wrc,std/am=JgCjAQg/rt=j/d=1/rs=ACT90oFwwNNIjtp4oqBqS7RNSxjcECBafQ/ed=1/exm=sc2,per,mo,lp,ep,ti,ds,stx,dwi,enr,pwd,dw,plm,log,b:744:312
next@https://www.google.com/maps/_/js/k=maps.m.en._PR807uv0XY.2019.O/ck=maps.m.ywZqsa02NtQ.L.F4.O/m=vwr,vd,a,nrw,owc,ob,sp,en,smi,sc,vlg,smr,as,wrc,std/am=JgCjAQg/rt=j/d=1/rs=ACT90oFwwNNIjtp4oqBqS7RNSxjcECBafQ/ed=1/exm=sc2,per,mo,lp,ep,ti,ds,stx,dwi,enr,pwd,dw,plm,log,b:767:489
c@https://www.google.com/maps/_/js/k=maps.m.en._PR807uv0XY.2019.O/m=sc2,per,mo,lp,ep,ti,ds,stx,dwi,enr,pwd,dw,plm,log,b/am=JgCjAQg/rt=j/d=1/rs=ACT90oGzBgDIBnEo26goDYZ_6r2OXUwhpA?wli=m.0ORhXY8LodI.loadSv.O%3A%3Bm.23uKk1DnVes.mapcore.O%3A%3B:851:278
Ur@https://www.google.com/maps/_/js/k=maps.m.en._PR807uv0XY.2019.O/m=sc2,per,mo,lp,ep,ti,ds,stx,dwi,enr,pwd,dw,plm,log,b/am=JgCjAQg/rt=j/d=1/rs=ACT90oGzBgDIBnEo26goDYZ_6r2OXUwhpA?wli=m.0ORhXY8LodI.loadSv.O%3A%3Bm.23uKk1DnVes.mapcore.O%3A%3B:848:134
FWa@https://www.google.com/maps/_/js/k=maps.m.en._PR807uv0XY.2019.O/m=sc2,per,mo,lp,ep,ti,ds,stx,dwi,enr,pwd,dw,plm,log,b/am=JgCjAQg/rt=j/d=1/rs=ACT90oGzBgDIBnEo26goDYZ_6r2OXUwhpA?wli=m.0ORhXY8LodI.loadSv.O%3A%3Bm.23uKk1DnVes.mapcore.O%3A%3B:852:593
lxa@https://www.google.com/maps/_/js/k=maps.m.en._PR807uv0XY.2019.O/m=sc2,per,mo,lp,ep,ti,ds,stx,dwi,enr,pwd,dw,plm,log,b/am=JgCjAQg/rt=j/d=1/rs=ACT90oGzBgDIBnEo26goDYZ_6r2OXUwhpA?wli=m.0ORhXY8LodI.loadSv.O%3A%3Bm.23uKk1DnVes.mapcore.O%3A%3B:854:286
c@https://www.google.com/maps/_/js/k=maps.m.en._PR807uv0XY.2019.O/ck=maps.m.ywZqsa02NtQ.L.F4.O/m=vwr,vd,a,nrw,owc,ob,sp,en,smi,sc,vlg,smr,as,wrc,std/am=JgCjAQg/rt=j/d=1/rs=ACT90oFwwNNIjtp4oqBqS7RNSxjcECBafQ/ed=1/exm=sc2,per,mo,lp,ep,ti,ds,stx,dwi,enr,pwd,dw,plm,log,b:1533:256
this.Na@https://www.google.com/maps/_/js/k=maps.m.en._PR807uv0XY.2019.O/m=sc2,per,mo,lp,ep,ti,ds,stx,dwi,enr,pwd,dw,plm,log,b/am=JgCjAQg/rt=j/d=1/rs=ACT90oGzBgDIBnEo26goDYZ_6r2OXUwhpA?wli=m.0ORhXY8LodI.loadSv.O%3A%3Bm.23uKk1DnVes.mapcore.O%3A%3B:853:137
c@https://www.google.com/maps/_/js/k=maps.m.en._PR807uv0XY.2019.O/ck=maps.m.ywZqsa02NtQ.L.F4.O/m=vwr,vd,a,nrw,owc,ob,sp,en,smi,sc,vlg,smr,as,wrc,std/am=JgCjAQg/rt=j/d=1/rs=ACT90oFwwNNIjtp4oqBqS7RNSxjcECBafQ/ed=1/exm=sc2,per,mo,lp,ep,ti,ds,stx,dwi,enr,pwd,dw,plm,log,b:1533:256
_.hm.tkb/b.port1.onmessage@https://www.google.com/maps/_/js/k=maps.m.en._PR807uv0XY.2019.O/m=sc2,per,mo,lp,ep,ti,ds,stx,dwi,enr,pwd,dw,plm,log,b/am=JgCjAQg/rt=j/d=1/rs=ACT90oGzBgDIBnEo26goDYZ_6r2OXUwhpA?wli=m.0ORhXY8LodI.loadSv.O%3A%3Bm.23uKk1DnVes.mapcore.O%3A%3B:383:250

Dynamically enable window occlusion 1
1712948824519	geckodriver	INFO	Listening on 127.0.0.1:49895
1712948827587	mozrunner::runner	INFO	Running command: "C:\\Program Files\\Mozilla Firefox\\firefox.exe" "--marionette" "--remote-debugging-port" "49896" "--remote-allow-hosts" "localhost" "-no-remote" "-profile" "C:\\Users\\swaru\\AppData\\Local\\Temp\\rust_mozprofileJI7piG"
console.warn: services.settings: Ignoring preference override of remote settings server
console.warn: services.settings: Allow by setting MOZ_REMOTE_SETTINGS_DEVTOOLS=1 in the environment
1712948827890	Marionette	INFO	Marionette enabled
Dynamically enable window occlusion 0
1712948827972	Marionette	INFO	Listening on port 49904
WebDriver BiDi listening on ws://127.0.0.1:49896
Read port: 49904
1712948828123	RemoteAgent	WARN	TLS certificate errors will be ignored for this session
DevTools listening on ws://127.0.0.1:49896/devtools/browser/9165218d-5e00-4729-8f0d-6a298a425f83
JavaScript warning: https://www.google.com/maps/_/js/k=maps.m.en._PR807uv0XY.2019.O/m=sc2,per,mo,lp,ep,ti,ds,stx,dwi,enr,pwd,dw,plm,log,b/am=JgCjAQg/rt=j/d=1/rs=ACT90oGzBgDIBnEo26goDYZ_6r2OXUwhpA?wli=m.0ORhXY8LodI.loadSv.O%3A%3Bm.23uKk1DnVes.mapcore.O%3A%3B, line 2419: WEBGL_debug_renderer_info is deprecated in Firefox and will be removed. Please use RENDERER.
JavaScript warning: , line 0: WebGL warning: texSubImage: Texture has not been initialized prior to a partial upload, forcing the browser to clear it. This may be slow.
JavaScript warning: , line 0: WebGL warning: texSubImage: Tex image TEXTURE_2D level 0 is incurring lazy initialization.
JavaScript warning: , line 0: WebGL warning: texSubImage: Texture has not been initialized prior to a partial upload, forcing the browser to clear it. This may be slow.
JavaScript warning: , line 0: WebGL warning: texSubImage: Tex image TEXTURE_2D level 0 is incurring lazy initialization.
JavaScript warning: , line 0: WebGL warning: drawArraysInstanced: Tex image TEXTURE_2D level 0 is incurring lazy initialization.
JavaScript warning: , line 0: WebGL warning: texSubImage: Texture has not been initialized prior to a partial upload, forcing the browser to clear it. This may be slow.
JavaScript warning: , line 0: WebGL warning: texSubImage: Tex image TEXTURE_2D level 0 is incurring lazy initialization.
1712948834318	Marionette	INFO	Stopped listening on port 49904
JavaScript warning: https://www.google.com/maps/_/js/k=maps.m.en._PR807uv0XY.2019.O/ck=maps.m.ywZqsa02NtQ.L.F4.O/m=vwr,vd,a,nrw,owc,ob,sp,en,smi,sc,vlg,smr,as,wrc,std/am=JgCjAQg/rt=j/d=1/rs=ACT90oFwwNNIjtp4oqBqS7RNSxjcECBafQ/ed=1/exm=sc2,per,mo,lp,ep,ti,ds,stx,dwi,enr,pwd,dw,plm,log,b, line 691: Script terminated by timeout at:
oU@https://www.google.com/maps/_/js/k=maps.m.en._PR807uv0XY.2019.O/ck=maps.m.ywZqsa02NtQ.L.F4.O/m=vwr,vd,a,nrw,owc,ob,sp,en,smi,sc,vlg,smr,as,wrc,std/am=JgCjAQg/rt=j/d=1/rs=ACT90oFwwNNIjtp4oqBqS7RNSxjcECBafQ/ed=1/exm=sc2,per,mo,lp,ep,ti,ds,stx,dwi,enr,pwd,dw,plm,log,b:691:571
_.fyh/<@https://www.google.com/maps/_/js/k=maps.m.en._PR807uv0XY.2019.O/ck=maps.m.ywZqsa02NtQ.L.F4.O/m=vwr,vd,a,nrw,owc,ob,sp,en,smi,sc,vlg,smr,as,wrc,std/am=JgCjAQg/rt=j/d=1/rs=ACT90oFwwNNIjtp4oqBqS7RNSxjcECBafQ/ed=1/exm=sc2,per,mo,lp,ep,ti,ds,stx,dwi,enr,pwd,dw,plm,log,b:700:254
next@https://www.google.com/maps/_/js/k=maps.m.en._PR807uv0XY.2019.O/ck=maps.m.ywZqsa02NtQ.L.F4.O/m=vwr,vd,a,nrw,owc,ob,sp,en,smi,sc,vlg,smr,as,wrc,std/am=JgCjAQg/rt=j/d=1/rs=ACT90oFwwNNIjtp4oqBqS7RNSxjcECBafQ/ed=1/exm=sc2,per,mo,lp,ep,ti,ds,stx,dwi,enr,pwd,dw,plm,log,b:519:460
c@https://www.google.com/maps/_/js/k=maps.m.en._PR807uv0XY.2019.O/m=sc2,per,mo,lp,ep,ti,ds,stx,dwi,enr,pwd,dw,plm,log,b/am=JgCjAQg/rt=j/d=1/rs=ACT90oGzBgDIBnEo26goDYZ_6r2OXUwhpA?wli=m.0ORhXY8LodI.loadSv.O%3A%3Bm.23uKk1DnVes.mapcore.O%3A%3B:851:278
Ur@https://www.google.com/maps/_/js/k=maps.m.en._PR807uv0XY.2019.O/m=sc2,per,mo,lp,ep,ti,ds,stx,dwi,enr,pwd,dw,plm,log,b/am=JgCjAQg/rt=j/d=1/rs=ACT90oGzBgDIBnEo26goDYZ_6r2OXUwhpA?wli=m.0ORhXY8LodI.loadSv.O%3A%3Bm.23uKk1DnVes.mapcore.O%3A%3B:848:134
FWa@https://www.google.com/maps/_/js/k=maps.m.en._PR807uv0XY.2019.O/m=sc2,per,mo,lp,ep,ti,ds,stx,dwi,enr,pwd,dw,plm,log,b/am=JgCjAQg/rt=j/d=1/rs=ACT90oGzBgDIBnEo26goDYZ_6r2OXUwhpA?wli=m.0ORhXY8LodI.loadSv.O%3A%3Bm.23uKk1DnVes.mapcore.O%3A%3B:852:593
lxa@https://www.google.com/maps/_/js/k=maps.m.en._PR807uv0XY.2019.O/m=sc2,per,mo,lp,ep,ti,ds,stx,dwi,enr,pwd,dw,plm,log,b/am=JgCjAQg/rt=j/d=1/rs=ACT90oGzBgDIBnEo26goDYZ_6r2OXUwhpA?wli=m.0ORhXY8LodI.loadSv.O%3A%3Bm.23uKk1DnVes.mapcore.O%3A%3B:854:286
c@https://www.google.com/maps/_/js/k=maps.m.en._PR807uv0XY.2019.O/ck=maps.m.ywZqsa02NtQ.L.F4.O/m=vwr,vd,a,nrw,owc,ob,sp,en,smi,sc,vlg,smr,as,wrc,std/am=JgCjAQg/rt=j/d=1/rs=ACT90oFwwNNIjtp4oqBqS7RNSxjcECBafQ/ed=1/exm=sc2,per,mo,lp,ep,ti,ds,stx,dwi,enr,pwd,dw,plm,log,b:1533:256
this.Na@https://www.google.com/maps/_/js/k=maps.m.en._PR807uv0XY.2019.O/m=sc2,per,mo,lp,ep,ti,ds,stx,dwi,enr,pwd,dw,plm,log,b/am=JgCjAQg/rt=j/d=1/rs=ACT90oGzBgDIBnEo26goDYZ_6r2OXUwhpA?wli=m.0ORhXY8LodI.loadSv.O%3A%3Bm.23uKk1DnVes.mapcore.O%3A%3B:853:137
c@https://www.google.com/maps/_/js/k=maps.m.en._PR807uv0XY.2019.O/ck=maps.m.ywZqsa02NtQ.L.F4.O/m=vwr,vd,a,nrw,owc,ob,sp,en,smi,sc,vlg,smr,as,wrc,std/am=JgCjAQg/rt=j/d=1/rs=ACT90oFwwNNIjtp4oqBqS7RNSxjcECBafQ/ed=1/exm=sc2,per,mo,lp,ep,ti,ds,stx,dwi,enr,pwd,dw,plm,log,b:1533:256
_.hm.tkb/b.port1.onmessage@https://www.google.com/maps/_/js/k=maps.m.en._PR807uv0XY.2019.O/m=sc2,per,mo,lp,ep,ti,ds,stx,dwi,enr,pwd,dw,plm,log,b/am=JgCjAQg/rt=j/d=1/rs=ACT90oGzBgDIBnEo26goDYZ_6r2OXUwhpA?wli=m.0ORhXY8LodI.loadSv.O%3A%3Bm.23uKk1DnVes.mapcore.O%3A%3B:383:250

JavaScript warning: , line 0: WebGL warning: tex(Sub)Image[23]D: Resource has no data (yet?). Uploading zeros.
JavaScript warning: , line 0: WebGL warning: texSubImage: `source` cannot be null.
JavaScript warning: , line 0: WebGL warning: tex(Sub)Image[23]D: Resource has no data (yet?). Uploading zeros.
JavaScript warning: , line 0: WebGL warning: texSubImage: `source` cannot be null.
JavaScript warning: , line 0: WebGL warning: tex(Sub)Image[23]D: Resource has no data (yet?). Uploading zeros.
JavaScript warning: , line 0: WebGL warning: texSubImage: `source` cannot be null.
JavaScript warning: , line 0: WebGL warning: tex(Sub)Image[23]D: Resource has no data (yet?). Uploading zeros.
JavaScript warning: , line 0: WebGL warning: texSubImage: `source` cannot be null.
JavaScript warning: , line 0: WebGL warning: tex(Sub)Image[23]D: Resource has no data (yet?). Uploading zeros.
JavaScript warning: , line 0: WebGL warning: texSubImage: `source` cannot be null.
JavaScript warning: , line 0: WebGL warning: tex(Sub)Image[23]D: Resource has no data (yet?). Uploading zeros.
JavaScript warning: , line 0: WebGL warning: texSubImage: `source` cannot be null.
Dynamically enable window occlusion 1
